0 contribute to 1 : 0
0 contribute to 2 : 0
0 contribute to 3 : 0
0 contribute to 4 : 0
0 contribute to 5 : 0
0 contribute to 6 : 8.06223
0 contribute to 7 : 3.18755
0 contribute to 8 : 3.18755
0 contribute to 9 : 3.18755
0 contribute to 10 : 3.18755
0 contribute to 11 : 3.18755
0 contribute to 12 : 10.8133
0 contribute to 13 : 1.43734
0 contribute to 14 : 1.43734
0 contribute to 15 : 1.43734
0 contribute to 16 : 1.43734
0 contribute to 17 : 1.43734
0 contribute to 18 : 6.1645
0 contribute to 19 : 1.1671
0 contribute to 20 : 1.1671
0 contribute to 21 : 1.1671
0 contribute to 22 : 1.1671
0 contribute to 23 : 1.1671
0 contribute to 24 : 3.81818
0 contribute to 25 : 0.436364
0 contribute to 26 : 0.436364
0 contribute to 27 : 0.436364
0 contribute to 28 : 0.436364
0 contribute to 29 : 0.436364
0 contribute to 30 : 0
0 contribute to 31 : 0
0 contribute to 32 : 0
0 contribute to 33 : 0
0 contribute to 34 : 0
0 contribute to 35 : 0
1 contribute to 0 : 6
1 contribute to 2 : 0
1 contribute to 3 : 0
1 contribute to 4 : 0
1 contribute to 5 : 0
1 contribute to 6 : 19.2686
1 contribute to 7 : 6.73139
1 contribute to 8 : 0
1 contribute to 9 : 0
1 contribute to 10 : 0
1 contribute to 11 : 0
1 contribute to 12 : 8.37756
1 contribute to 13 : 3.08521
1 contribute to 14 : 1.63431
1 contribute to 15 : 1.63431
1 contribute to 16 : 1.63431
1 contribute to 17 : 1.63431
1 contribute to 18 : 6.78211
1 contribute to 19 : 1.27937
1 contribute to 20 : 0.984632
1 contribute to 21 : 0.984632
1 contribute to 22 : 0.984632
1 contribute to 23 : 0.984632
1 contribute to 24 : 3.70952
1 contribute to 25 : 0.483333
1 contribute to 26 : 0.451786
1 contribute to 27 : 0.451786
1 contribute to 28 : 0.451786
1 contribute to 29 : 0.451786
1 contribute to 30 : 0
1 contribute to 31 : 0
1 contribute to 32 : 0
1 contribute to 33 : 0
1 contribute to 34 : 0
1 contribute to 35 : 0
2 contribute to 0 : 6
2 contribute to 1 : 0
2 contribute to 3 : 0
2 contribute to 4 : 0
2 contribute to 5 : 0
2 contribute to 6 : 19.2686
2 contribute to 7 : 0
2 contribute to 8 : 6.73139
2 contribute to 9 : 0
2 contribute to 10 : 0
2 contribute to 11 : 0
2 contribute to 12 : 8.37756
2 contribute to 13 : 1.63431
2 contribute to 14 : 3.08521
2 contribute to 15 : 1.63431
2 contribute to 16 : 1.63431
2 contribute to 17 : 1.63431
2 contribute to 18 : 6.78211
2 contribute to 19 : 0.984632
2 contribute to 20 : 1.27937
2 contribute to 21 : 0.984632
2 contribute to 22 : 0.984632
2 contribute to 23 : 0.984632
2 contribute to 24 : 3.70952
2 contribute to 25 : 0.451786
2 contribute to 26 : 0.483333
2 contribute to 27 : 0.451786
2 contribute to 28 : 0.451786
2 contribute to 29 : 0.451786
2 contribute to 30 : 0
2 contribute to 31 : 0
2 contribute to 32 : 0
2 contribute to 33 : 0
2 contribute to 34 : 0
2 contribute to 35 : 0
3 contribute to 0 : 6
3 contribute to 1 : 0
3 contribute to 2 : 0
3 contribute to 4 : 0
3 contribute to 5 : 0
3 contribute to 6 : 19.2686
3 contribute to 7 : 0
3 contribute to 8 : 0
3 contribute to 9 : 6.73139
3 contribute to 10 : 0
3 contribute to 11 : 0
3 contribute to 12 : 8.37756
3 contribute to 13 : 1.63431
3 contribute to 14 : 1.63431
3 contribute to 15 : 3.08521
3 contribute to 16 : 1.63431
3 contribute to 17 : 1.63431
3 contribute to 18 : 6.78211
3 contribute to 19 : 0.984632
3 contribute to 20 : 0.984632
3 contribute to 21 : 1.27937
3 contribute to 22 : 0.984632
3 contribute to 23 : 0.984632
3 contribute to 24 : 3.70952
3 contribute to 25 : 0.451786
3 contribute to 26 : 0.451786
3 contribute to 27 : 0.483333
3 contribute to 28 : 0.451786
3 contribute to 29 : 0.451786
3 contribute to 30 : 0
3 contribute to 31 : 0
3 contribute to 32 : 0
3 contribute to 33 : 0
3 contribute to 34 : 0
3 contribute to 35 : 0
4 contribute to 0 : 6
4 contribute to 1 : 0
4 contribute to 2 : 0
4 contribute to 3 : 0
4 contribute to 5 : 0
4 contribute to 6 : 19.2686
4 contribute to 7 : 0
4 contribute to 8 : 0
4 contribute to 9 : 0
4 contribute to 10 : 6.73139
4 contribute to 11 : 0
4 contribute to 12 : 8.37756
4 contribute to 13 : 1.63431
4 contribute to 14 : 1.63431
4 contribute to 15 : 1.63431
4 contribute to 16 : 3.08521
4 contribute to 17 : 1.63431
4 contribute to 18 : 6.78211
4 contribute to 19 : 0.984632
4 contribute to 20 : 0.984632
4 contribute to 21 : 0.984632
4 contribute to 22 : 1.27937
4 contribute to 23 : 0.984632
4 contribute to 24 : 3.70952
4 contribute to 25 : 0.451786
4 contribute to 26 : 0.451786
4 contribute to 27 : 0.451786
4 contribute to 28 : 0.483333
4 contribute to 29 : 0.451786
4 contribute to 30 : 0
4 contribute to 31 : 0
4 contribute to 32 : 0
4 contribute to 33 : 0
4 contribute to 34 : 0
4 contribute to 35 : 0
5 contribute to 0 : 6
5 contribute to 1 : 0
5 contribute to 2 : 0
5 contribute to 3 : 0
5 contribute to 4 : 0
5 contribute to 6 : 19.2686
5 contribute to 7 : 0
5 contribute to 8 : 0
5 contribute to 9 : 0
5 contribute to 10 : 0
5 contribute to 11 : 6.73139
5 contribute to 12 : 8.37756
5 contribute to 13 : 1.63431
5 contribute to 14 : 1.63431
5 contribute to 15 : 1.63431
5 contribute to 16 : 1.63431
5 contribute to 17 : 3.08521
5 contribute to 18 : 6.78211
5 contribute to 19 : 0.984632
5 contribute to 20 : 0.984632
5 contribute to 21 : 0.984632
5 contribute to 22 : 0.984632
5 contribute to 23 : 1.27937
5 contribute to 24 : 3.70952
5 contribute to 25 : 0.451786
5 contribute to 26 : 0.451786
5 contribute to 27 : 0.451786
5 contribute to 28 : 0.451786
5 contribute to 29 : 0.483333
5 contribute to 30 : 0
5 contribute to 31 : 0
5 contribute to 32 : 0
5 contribute to 33 : 0
5 contribute to 34 : 0
5 contribute to 35 : 0
6 contribute to 0 : 0
6 contribute to 1 : 0
6 contribute to 2 : 0
6 contribute to 3 : 0
6 contribute to 4 : 0
6 contribute to 5 : 0
6 contribute to 7 : 0
6 contribute to 8 : 0
6 contribute to 9 : 0
6 contribute to 10 : 0
6 contribute to 11 : 0
6 contribute to 12 : 6.24405
6 contribute to 13 : 2.35119
6 contribute to 14 : 2.35119
6 contribute to 15 : 2.35119
6 contribute to 16 : 2.35119
6 contribute to 17 : 2.35119
6 contribute to 18 : 7.26786
6 contribute to 19 : 0.946429
6 contribute to 20 : 0.946429
6 contribute to 21 : 0.946429
6 contribute to 22 : 0.946429
6 contribute to 23 : 0.946429
6 contribute to 24 : 3.61905
6 contribute to 25 : 0.47619
6 contribute to 26 : 0.47619
6 contribute to 27 : 0.47619
6 contribute to 28 : 0.47619
6 contribute to 29 : 0.47619
6 contribute to 30 : 0
6 contribute to 31 : 0
6 contribute to 32 : 0
6 contribute to 33 : 0
6 contribute to 34 : 0
6 contribute to 35 : 0
7 contribute to 0 : 0
7 contribute to 1 : 0
7 contribute to 2 : 0
7 contribute to 3 : 0
7 contribute to 4 : 0
7 contribute to 5 : 0
7 contribute to 6 : 6
7 contribute to 8 : 0
7 contribute to 9 : 0
7 contribute to 10 : 0
7 contribute to 11 : 0
7 contribute to 12 : 15.1591
7 contribute to 13 : 4.84091
7 contribute to 14 : 0
7 contribute to 15 : 0
7 contribute to 16 : 0
7 contribute to 17 : 0
7 contribute to 18 : 5.70455
7 contribute to 19 : 1.97727
7 contribute to 20 : 1.07955
7 contribute to 21 : 1.07955
7 contribute to 22 : 1.07955
7 contribute to 23 : 1.07955
7 contribute to 24 : 3.90909
7 contribute to 25 : 0.5
7 contribute to 26 : 0.397727
7 contribute to 27 : 0.397727
7 contribute to 28 : 0.397727
7 contribute to 29 : 0.397727
7 contribute to 30 : 0
7 contribute to 31 : 0
7 contribute to 32 : 0
7 contribute to 33 : 0
7 contribute to 34 : 0
7 contribute to 35 : 0
8 contribute to 0 : 0
8 contribute to 1 : 0
8 contribute to 2 : 0
8 contribute to 3 : 0
8 contribute to 4 : 0
8 contribute to 5 : 0
8 contribute to 6 : 6
8 contribute to 7 : 0
8 contribute to 9 : 0
8 contribute to 10 : 0
8 contribute to 11 : 0
8 contribute to 12 : 15.1591
8 contribute to 13 : 0
8 contribute to 14 : 4.84091
8 contribute to 15 : 0
8 contribute to 16 : 0
8 contribute to 17 : 0
8 contribute to 18 : 5.70455
8 contribute to 19 : 1.07955
8 contribute to 20 : 1.97727
8 contribute to 21 : 1.07955
8 contribute to 22 : 1.07955
8 contribute to 23 : 1.07955
8 contribute to 24 : 3.90909
8 contribute to 25 : 0.397727
8 contribute to 26 : 0.5
8 contribute to 27 : 0.397727
8 contribute to 28 : 0.397727
8 contribute to 29 : 0.397727
8 contribute to 30 : 0
8 contribute to 31 : 0
8 contribute to 32 : 0
8 contribute to 33 : 0
8 contribute to 34 : 0
8 contribute to 35 : 0
9 contribute to 0 : 0
9 contribute to 1 : 0
9 contribute to 2 : 0
9 contribute to 3 : 0
9 contribute to 4 : 0
9 contribute to 5 : 0
9 contribute to 6 : 6
9 contribute to 7 : 0
9 contribute to 8 : 0
9 contribute to 10 : 0
9 contribute to 11 : 0
9 contribute to 12 : 15.1591
9 contribute to 13 : 0
9 contribute to 14 : 0
9 contribute to 15 : 4.84091
9 contribute to 16 : 0
9 contribute to 17 : 0
9 contribute to 18 : 5.70455
9 contribute to 19 : 1.07955
9 contribute to 20 : 1.07955
9 contribute to 21 : 1.97727
9 contribute to 22 : 1.07955
9 contribute to 23 : 1.07955
9 contribute to 24 : 3.90909
9 contribute to 25 : 0.397727
9 contribute to 26 : 0.397727
9 contribute to 27 : 0.5
9 contribute to 28 : 0.397727
9 contribute to 29 : 0.397727
9 contribute to 30 : 0
9 contribute to 31 : 0
9 contribute to 32 : 0
9 contribute to 33 : 0
9 contribute to 34 : 0
9 contribute to 35 : 0
10 contribute to 0 : 0
10 contribute to 1 : 0
10 contribute to 2 : 0
10 contribute to 3 : 0
10 contribute to 4 : 0
10 contribute to 5 : 0
10 contribute to 6 : 6
10 contribute to 7 : 0
10 contribute to 8 : 0
10 contribute to 9 : 0
10 contribute to 11 : 0
10 contribute to 12 : 15.1591
10 contribute to 13 : 0
10 contribute to 14 : 0
10 contribute to 15 : 0
10 contribute to 16 : 4.84091
10 contribute to 17 : 0
10 contribute to 18 : 5.70455
10 contribute to 19 : 1.07955
10 contribute to 20 : 1.07955
10 contribute to 21 : 1.07955
10 contribute to 22 : 1.97727
10 contribute to 23 : 1.07955
10 contribute to 24 : 3.90909
10 contribute to 25 : 0.397727
10 contribute to 26 : 0.397727
10 contribute to 27 : 0.397727
10 contribute to 28 : 0.5
10 contribute to 29 : 0.397727
10 contribute to 30 : 0
10 contribute to 31 : 0
10 contribute to 32 : 0
10 contribute to 33 : 0
10 contribute to 34 : 0
10 contribute to 35 : 0
11 contribute to 0 : 0
11 contribute to 1 : 0
11 contribute to 2 : 0
11 contribute to 3 : 0
11 contribute to 4 : 0
11 contribute to 5 : 0
11 contribute to 6 : 6
11 contribute to 7 : 0
11 contribute to 8 : 0
11 contribute to 9 : 0
11 contribute to 10 : 0
11 contribute to 12 : 15.1591
11 contribute to 13 : 0
11 contribute to 14 : 0
11 contribute to 15 : 0
11 contribute to 16 : 0
11 contribute to 17 : 4.84091
11 contribute to 18 : 5.70455
11 contribute to 19 : 1.07955
11 contribute to 20 : 1.07955
11 contribute to 21 : 1.07955
11 contribute to 22 : 1.07955
11 contribute to 23 : 1.97727
11 contribute to 24 : 3.90909
11 contribute to 25 : 0.397727
11 contribute to 26 : 0.397727
11 contribute to 27 : 0.397727
11 contribute to 28 : 0.397727
11 contribute to 29 : 0.5
11 contribute to 30 : 0
11 contribute to 31 : 0
11 contribute to 32 : 0
11 contribute to 33 : 0
11 contribute to 34 : 0
11 contribute to 35 : 0
12 contribute to 0 : 0
12 contribute to 1 : 0
12 contribute to 2 : 0
12 contribute to 3 : 0
12 contribute to 4 : 0
12 contribute to 5 : 0
12 contribute to 6 : 0
12 contribute to 7 : 0
12 contribute to 8 : 0
12 contribute to 9 : 0
12 contribute to 10 : 0
12 contribute to 11 : 0
12 contribute to 13 : 0
12 contribute to 14 : 0
12 contribute to 15 : 0
12 contribute to 16 : 0
12 contribute to 17 : 0
12 contribute to 18 : 4.29167
12 contribute to 19 : 1.54167
12 contribute to 20 : 1.54167
12 contribute to 21 : 1.54167
12 contribute to 22 : 1.54167
12 contribute to 23 : 1.54167
12 contribute to 24 : 4.125
12 contribute to 25 : 0.375
12 contribute to 26 : 0.375
12 contribute to 27 : 0.375
12 contribute to 28 : 0.375
12 contribute to 29 : 0.375
12 contribute to 30 : 0
12 contribute to 31 : 0
12 contribute to 32 : 0
12 contribute to 33 : 0
12 contribute to 34 : 0
12 contribute to 35 : 0
13 contribute to 0 : 0
13 contribute to 1 : 0
13 contribute to 2 : 0
13 contribute to 3 : 0
13 contribute to 4 : 0
13 contribute to 5 : 0
13 contribute to 6 : 0
13 contribute to 7 : 0
13 contribute to 8 : 0
13 contribute to 9 : 0
13 contribute to 10 : 0
13 contribute to 11 : 0
13 contribute to 12 : 6
13 contribute to 14 : 0
13 contribute to 15 : 0
13 contribute to 16 : 0
13 contribute to 17 : 0
13 contribute to 18 : 10.9167
13 contribute to 19 : 3.08333
13 contribute to 20 : 0
13 contribute to 21 : 0
13 contribute to 22 : 0
13 contribute to 23 : 0
13 contribute to 24 : 3.41667
13 contribute to 25 : 0.75
13 contribute to 26 : 0.458333
13 contribute to 27 : 0.458333
13 contribute to 28 : 0.458333
13 contribute to 29 : 0.458333
13 contribute to 30 : 0
13 contribute to 31 : 0
13 contribute to 32 : 0
13 contribute to 33 : 0
13 contribute to 34 : 0
13 contribute to 35 : 0
14 contribute to 0 : 0
14 contribute to 1 : 0
14 contribute to 2 : 0
14 contribute to 3 : 0
14 contribute to 4 : 0
14 contribute to 5 : 0
14 contribute to 6 : 0
14 contribute to 7 : 0
14 contribute to 8 : 0
14 contribute to 9 : 0
14 contribute to 10 : 0
14 contribute to 11 : 0
14 contribute to 12 : 6
14 contribute to 13 : 0
14 contribute to 15 : 0
14 contribute to 16 : 0
14 contribute to 17 : 0
14 contribute to 18 : 10.9167
14 contribute to 19 : 0
14 contribute to 20 : 3.08333
14 contribute to 21 : 0
14 contribute to 22 : 0
14 contribute to 23 : 0
14 contribute to 24 : 3.41667
14 contribute to 25 : 0.458333
14 contribute to 26 : 0.75
14 contribute to 27 : 0.458333
14 contribute to 28 : 0.458333
14 contribute to 29 : 0.458333
14 contribute to 30 : 0
14 contribute to 31 : 0
14 contribute to 32 : 0
14 contribute to 33 : 0
14 contribute to 34 : 0
14 contribute to 35 : 0
15 contribute to 0 : 0
15 contribute to 1 : 0
15 contribute to 2 : 0
15 contribute to 3 : 0
15 contribute to 4 : 0
15 contribute to 5 : 0
15 contribute to 6 : 0
15 contribute to 7 : 0
15 contribute to 8 : 0
15 contribute to 9 : 0
15 contribute to 10 : 0
15 contribute to 11 : 0
15 contribute to 12 : 6
15 contribute to 13 : 0
15 contribute to 14 : 0
15 contribute to 16 : 0
15 contribute to 17 : 0
15 contribute to 18 : 10.9167
15 contribute to 19 : 0
15 contribute to 20 : 0
15 contribute to 21 : 3.08333
15 contribute to 22 : 0
15 contribute to 23 : 0
15 contribute to 24 : 3.41667
15 contribute to 25 : 0.458333
15 contribute to 26 : 0.458333
15 contribute to 27 : 0.75
15 contribute to 28 : 0.458333
15 contribute to 29 : 0.458333
15 contribute to 30 : 0
15 contribute to 31 : 0
15 contribute to 32 : 0
15 contribute to 33 : 0
15 contribute to 34 : 0
15 contribute to 35 : 0
16 contribute to 0 : 0
16 contribute to 1 : 0
16 contribute to 2 : 0
16 contribute to 3 : 0
16 contribute to 4 : 0
16 contribute to 5 : 0
16 contribute to 6 : 0
16 contribute to 7 : 0
16 contribute to 8 : 0
16 contribute to 9 : 0
16 contribute to 10 : 0
16 contribute to 11 : 0
16 contribute to 12 : 6
16 contribute to 13 : 0
16 contribute to 14 : 0
16 contribute to 15 : 0
16 contribute to 17 : 0
16 contribute to 18 : 10.9167
16 contribute to 19 : 0
16 contribute to 20 : 0
16 contribute to 21 : 0
16 contribute to 22 : 3.08333
16 contribute to 23 : 0
16 contribute to 24 : 3.41667
16 contribute to 25 : 0.458333
16 contribute to 26 : 0.458333
16 contribute to 27 : 0.458333
16 contribute to 28 : 0.75
16 contribute to 29 : 0.458333
16 contribute to 30 : 0
16 contribute to 31 : 0
16 contribute to 32 : 0
16 contribute to 33 : 0
16 contribute to 34 : 0
16 contribute to 35 : 0
17 contribute to 0 : 0
17 contribute to 1 : 0
17 contribute to 2 : 0
17 contribute to 3 : 0
17 contribute to 4 : 0
17 contribute to 5 : 0
17 contribute to 6 : 0
17 contribute to 7 : 0
17 contribute to 8 : 0
17 contribute to 9 : 0
17 contribute to 10 : 0
17 contribute to 11 : 0
17 contribute to 12 : 6
17 contribute to 13 : 0
17 contribute to 14 : 0
17 contribute to 15 : 0
17 contribute to 16 : 0
17 contribute to 18 : 10.9167
17 contribute to 19 : 0
17 contribute to 20 : 0
17 contribute to 21 : 0
17 contribute to 22 : 0
17 contribute to 23 : 3.08333
17 contribute to 24 : 3.41667
17 contribute to 25 : 0.458333
17 contribute to 26 : 0.458333
17 contribute to 27 : 0.458333
17 contribute to 28 : 0.458333
17 contribute to 29 : 0.75
17 contribute to 30 : 0
17 contribute to 31 : 0
17 contribute to 32 : 0
17 contribute to 33 : 0
17 contribute to 34 : 0
17 contribute to 35 : 0
18 contribute to 0 : 0
18 contribute to 1 : 0
18 contribute to 2 : 0
18 contribute to 3 : 0
18 contribute to 4 : 0
18 contribute to 5 : 0
18 contribute to 6 : 0
18 contribute to 7 : 0
18 contribute to 8 : 0
18 contribute to 9 : 0
18 contribute to 10 : 0
18 contribute to 11 : 0
18 contribute to 12 : 0
18 contribute to 13 : 0
18 contribute to 14 : 0
18 contribute to 15 : 0
18 contribute to 16 : 0
18 contribute to 17 : 0
18 contribute to 19 : 0
18 contribute to 20 : 0
18 contribute to 21 : 0
18 contribute to 22 : 0
18 contribute to 23 : 0
18 contribute to 24 : 2.66667
18 contribute to 25 : 0.666667
18 contribute to 26 : 0.666667
18 contribute to 27 : 0.666667
18 contribute to 28 : 0.666667
18 contribute to 29 : 0.666667
18 contribute to 30 : 0
18 contribute to 31 : 0
18 contribute to 32 : 0
18 contribute to 33 : 0
18 contribute to 34 : 0
18 contribute to 35 : 0
19 contribute to 0 : 0
19 contribute to 1 : 0
19 contribute to 2 : 0
19 contribute to 3 : 0
19 contribute to 4 : 0
19 contribute to 5 : 0
19 contribute to 6 : 0
19 contribute to 7 : 0
19 contribute to 8 : 0
19 contribute to 9 : 0
19 contribute to 10 : 0
19 contribute to 11 : 0
19 contribute to 12 : 0
19 contribute to 13 : 0
19 contribute to 14 : 0
19 contribute to 15 : 0
19 contribute to 16 : 0
19 contribute to 17 : 0
19 contribute to 18 : 6
19 contribute to 20 : 0
19 contribute to 21 : 0
19 contribute to 22 : 0
19 contribute to 23 : 0
19 contribute to 24 : 7
19 contribute to 25 : 1
19 contribute to 26 : 0
19 contribute to 27 : 0
19 contribute to 28 : 0
19 contribute to 29 : 0
19 contribute to 30 : 0
19 contribute to 31 : 0
19 contribute to 32 : 0
19 contribute to 33 : 0
19 contribute to 34 : 0
19 contribute to 35 : 0
20 contribute to 0 : 0
20 contribute to 1 : 0
20 contribute to 2 : 0
20 contribute to 3 : 0
20 contribute to 4 : 0
20 contribute to 5 : 0
20 contribute to 6 : 0
20 contribute to 7 : 0
20 contribute to 8 : 0
20 contribute to 9 : 0
20 contribute to 10 : 0
20 contribute to 11 : 0
20 contribute to 12 : 0
20 contribute to 13 : 0
20 contribute to 14 : 0
20 contribute to 15 : 0
20 contribute to 16 : 0
20 contribute to 17 : 0
20 contribute to 18 : 6
20 contribute to 19 : 0
20 contribute to 21 : 0
20 contribute to 22 : 0
20 contribute to 23 : 0
20 contribute to 24 : 7
20 contribute to 25 : 0
20 contribute to 26 : 1
20 contribute to 27 : 0
20 contribute to 28 : 0
20 contribute to 29 : 0
20 contribute to 30 : 0
20 contribute to 31 : 0
20 contribute to 32 : 0
20 contribute to 33 : 0
20 contribute to 34 : 0
20 contribute to 35 : 0
21 contribute to 0 : 0
21 contribute to 1 : 0
21 contribute to 2 : 0
21 contribute to 3 : 0
21 contribute to 4 : 0
21 contribute to 5 : 0
21 contribute to 6 : 0
21 contribute to 7 : 0
21 contribute to 8 : 0
21 contribute to 9 : 0
21 contribute to 10 : 0
21 contribute to 11 : 0
21 contribute to 12 : 0
21 contribute to 13 : 0
21 contribute to 14 : 0
21 contribute to 15 : 0
21 contribute to 16 : 0
21 contribute to 17 : 0
21 contribute to 18 : 6
21 contribute to 19 : 0
21 contribute to 20 : 0
21 contribute to 22 : 0
21 contribute to 23 : 0
21 contribute to 24 : 7
21 contribute to 25 : 0
21 contribute to 26 : 0
21 contribute to 27 : 1
21 contribute to 28 : 0
21 contribute to 29 : 0
21 contribute to 30 : 0
21 contribute to 31 : 0
21 contribute to 32 : 0
21 contribute to 33 : 0
21 contribute to 34 : 0
21 contribute to 35 : 0
22 contribute to 0 : 0
22 contribute to 1 : 0
22 contribute to 2 : 0
22 contribute to 3 : 0
22 contribute to 4 : 0
22 contribute to 5 : 0
22 contribute to 6 : 0
22 contribute to 7 : 0
22 contribute to 8 : 0
22 contribute to 9 : 0
22 contribute to 10 : 0
22 contribute to 11 : 0
22 contribute to 12 : 0
22 contribute to 13 : 0
22 contribute to 14 : 0
22 contribute to 15 : 0
22 contribute to 16 : 0
22 contribute to 17 : 0
22 contribute to 18 : 6
22 contribute to 19 : 0
22 contribute to 20 : 0
22 contribute to 21 : 0
22 contribute to 23 : 0
22 contribute to 24 : 7
22 contribute to 25 : 0
22 contribute to 26 : 0
22 contribute to 27 : 0
22 contribute to 28 : 1
22 contribute to 29 : 0
22 contribute to 30 : 0
22 contribute to 31 : 0
22 contribute to 32 : 0
22 contribute to 33 : 0
22 contribute to 34 : 0
22 contribute to 35 : 0
23 contribute to 0 : 0
23 contribute to 1 : 0
23 contribute to 2 : 0
23 contribute to 3 : 0
23 contribute to 4 : 0
23 contribute to 5 : 0
23 contribute to 6 : 0
23 contribute to 7 : 0
23 contribute to 8 : 0
23 contribute to 9 : 0
23 contribute to 10 : 0
23 contribute to 11 : 0
23 contribute to 12 : 0
23 contribute to 13 : 0
23 contribute to 14 : 0
23 contribute to 15 : 0
23 contribute to 16 : 0
23 contribute to 17 : 0
23 contribute to 18 : 6
23 contribute to 19 : 0
23 contribute to 20 : 0
23 contribute to 21 : 0
23 contribute to 22 : 0
23 contribute to 24 : 7
23 contribute to 25 : 0
23 contribute to 26 : 0
23 contribute to 27 : 0
23 contribute to 28 : 0
23 contribute to 29 : 1
23 contribute to 30 : 0
23 contribute to 31 : 0
23 contribute to 32 : 0
23 contribute to 33 : 0
23 contribute to 34 : 0
23 contribute to 35 : 0
24 contribute to 0 : 0
24 contribute to 1 : 0
24 contribute to 2 : 0
24 contribute to 3 : 0
24 contribute to 4 : 0
24 contribute to 5 : 0
24 contribute to 6 : 0
24 contribute to 7 : 0
24 contribute to 8 : 0
24 contribute to 9 : 0
24 contribute to 10 : 0
24 contribute to 11 : 0
24 contribute to 12 : 0
24 contribute to 13 : 0
24 contribute to 14 : 0
24 contribute to 15 : 0
24 contribute to 16 : 0
24 contribute to 17 : 0
24 contribute to 18 : 0
24 contribute to 19 : 0
24 contribute to 20 : 0
24 contribute to 21 : 0
24 contribute to 22 : 0
24 contribute to 23 : 0
24 contribute to 25 : 0
24 contribute to 26 : 0
24 contribute to 27 : 0
24 contribute to 28 : 0
24 contribute to 29 : 0
24 contribute to 30 : 0
24 contribute to 31 : 0
24 contribute to 32 : 0
24 contribute to 33 : 0
24 contribute to 34 : 0
24 contribute to 35 : 0
25 contribute to 0 : 0
25 contribute to 1 : 0
25 contribute to 2 : 0
25 contribute to 3 : 0
25 contribute to 4 : 0
25 contribute to 5 : 0
25 contribute to 6 : 0
25 contribute to 7 : 0
25 contribute to 8 : 0
25 contribute to 9 : 0
25 contribute to 10 : 0
25 contribute to 11 : 0
25 contribute to 12 : 0
25 contribute to 13 : 0
25 contribute to 14 : 0
25 contribute to 15 : 0
25 contribute to 16 : 0
25 contribute to 17 : 0
25 contribute to 18 : 0
25 contribute to 19 : 0
25 contribute to 20 : 0
25 contribute to 21 : 0
25 contribute to 22 : 0
25 contribute to 23 : 0
25 contribute to 24 : 6
25 contribute to 26 : 0
25 contribute to 27 : 0
25 contribute to 28 : 0
25 contribute to 29 : 0
25 contribute to 30 : 2
25 contribute to 31 : 0
25 contribute to 32 : 0
25 contribute to 33 : 0
25 contribute to 34 : 0
25 contribute to 35 : 0
26 contribute to 0 : 0
26 contribute to 1 : 0
26 contribute to 2 : 0
26 contribute to 3 : 0
26 contribute to 4 : 0
26 contribute to 5 : 0
26 contribute to 6 : 0
26 contribute to 7 : 0
26 contribute to 8 : 0
26 contribute to 9 : 0
26 contribute to 10 : 0
26 contribute to 11 : 0
26 contribute to 12 : 0
26 contribute to 13 : 0
26 contribute to 14 : 0
26 contribute to 15 : 0
26 contribute to 16 : 0
26 contribute to 17 : 0
26 contribute to 18 : 0
26 contribute to 19 : 0
26 contribute to 20 : 0
26 contribute to 21 : 0
26 contribute to 22 : 0
26 contribute to 23 : 0
26 contribute to 24 : 6
26 contribute to 25 : 0
26 contribute to 27 : 0
26 contribute to 28 : 0
26 contribute to 29 : 0
26 contribute to 30 : 2
26 contribute to 31 : 0
26 contribute to 32 : 0
26 contribute to 33 : 0
26 contribute to 34 : 0
26 contribute to 35 : 0
27 contribute to 0 : 0
27 contribute to 1 : 0
27 contribute to 2 : 0
27 contribute to 3 : 0
27 contribute to 4 : 0
27 contribute to 5 : 0
27 contribute to 6 : 0
27 contribute to 7 : 0
27 contribute to 8 : 0
27 contribute to 9 : 0
27 contribute to 10 : 0
27 contribute to 11 : 0
27 contribute to 12 : 0
27 contribute to 13 : 0
27 contribute to 14 : 0
27 contribute to 15 : 0
27 contribute to 16 : 0
27 contribute to 17 : 0
27 contribute to 18 : 0
27 contribute to 19 : 0
27 contribute to 20 : 0
27 contribute to 21 : 0
27 contribute to 22 : 0
27 contribute to 23 : 0
27 contribute to 24 : 6
27 contribute to 25 : 0
27 contribute to 26 : 0
27 contribute to 28 : 0
27 contribute to 29 : 0
27 contribute to 30 : 2
27 contribute to 31 : 0
27 contribute to 32 : 0
27 contribute to 33 : 0
27 contribute to 34 : 0
27 contribute to 35 : 0
28 contribute to 0 : 0
28 contribute to 1 : 0
28 contribute to 2 : 0
28 contribute to 3 : 0
28 contribute to 4 : 0
28 contribute to 5 : 0
28 contribute to 6 : 0
28 contribute to 7 : 0
28 contribute to 8 : 0
28 contribute to 9 : 0
28 contribute to 10 : 0
28 contribute to 11 : 0
28 contribute to 12 : 0
28 contribute to 13 : 0
28 contribute to 14 : 0
28 contribute to 15 : 0
28 contribute to 16 : 0
28 contribute to 17 : 0
28 contribute to 18 : 0
28 contribute to 19 : 0
28 contribute to 20 : 0
28 contribute to 21 : 0
28 contribute to 22 : 0
28 contribute to 23 : 0
28 contribute to 24 : 6
28 contribute to 25 : 0
28 contribute to 26 : 0
28 contribute to 27 : 0
28 contribute to 29 : 0
28 contribute to 30 : 2
28 contribute to 31 : 0
28 contribute to 32 : 0
28 contribute to 33 : 0
28 contribute to 34 : 0
28 contribute to 35 : 0
29 contribute to 0 : 0
29 contribute to 1 : 0
29 contribute to 2 : 0
29 contribute to 3 : 0
29 contribute to 4 : 0
29 contribute to 5 : 0
29 contribute to 6 : 0
29 contribute to 7 : 0
29 contribute to 8 : 0
29 contribute to 9 : 0
29 contribute to 10 : 0
29 contribute to 11 : 0
29 contribute to 12 : 0
29 contribute to 13 : 0
29 contribute to 14 : 0
29 contribute to 15 : 0
29 contribute to 16 : 0
29 contribute to 17 : 0
29 contribute to 18 : 0
29 contribute to 19 : 0
29 contribute to 20 : 0
29 contribute to 21 : 0
29 contribute to 22 : 0
29 contribute to 23 : 0
29 contribute to 24 : 6
29 contribute to 25 : 0
29 contribute to 26 : 0
29 contribute to 27 : 0
29 contribute to 28 : 0
29 contribute to 30 : 2
29 contribute to 31 : 0
29 contribute to 32 : 0
29 contribute to 33 : 0
29 contribute to 34 : 0
29 contribute to 35 : 0
30 contribute to 0 : 0
30 contribute to 1 : 0
30 contribute to 2 : 0
30 contribute to 3 : 0
30 contribute to 4 : 0
30 contribute to 5 : 0
30 contribute to 6 : 0
30 contribute to 7 : 0
30 contribute to 8 : 0
30 contribute to 9 : 0
30 contribute to 10 : 0
30 contribute to 11 : 0
30 contribute to 12 : 0
30 contribute to 13 : 0
30 contribute to 14 : 0
30 contribute to 15 : 0
30 contribute to 16 : 0
30 contribute to 17 : 0
30 contribute to 18 : 0
30 contribute to 19 : 0
30 contribute to 20 : 0
30 contribute to 21 : 0
30 contribute to 22 : 0
30 contribute to 23 : 0
30 contribute to 24 : 0
30 contribute to 25 : 0
30 contribute to 26 : 0
30 contribute to 27 : 0
30 contribute to 28 : 0
30 contribute to 29 : 0
30 contribute to 31 : 0
30 contribute to 32 : 0
30 contribute to 33 : 0
30 contribute to 34 : 0
30 contribute to 35 : 0
31 contribute to 0 : 0
31 contribute to 1 : 0
31 contribute to 2 : 0
31 contribute to 3 : 0
31 contribute to 4 : 0
31 contribute to 5 : 0
31 contribute to 6 : 0
31 contribute to 7 : 0
31 contribute to 8 : 0
31 contribute to 9 : 0
31 contribute to 10 : 0
31 contribute to 11 : 0
31 contribute to 12 : 0
31 contribute to 13 : 0
31 contribute to 14 : 0
31 contribute to 15 : 0
31 contribute to 16 : 0
31 contribute to 17 : 0
31 contribute to 18 : 0
31 contribute to 19 : 0
31 contribute to 20 : 0
31 contribute to 21 : 0
31 contribute to 22 : 0
31 contribute to 23 : 0
31 contribute to 24 : 0
31 contribute to 25 : 0
31 contribute to 26 : 0
31 contribute to 27 : 0
31 contribute to 28 : 0
31 contribute to 29 : 0
31 contribute to 30 : 4
31 contribute to 32 : 0
31 contribute to 33 : 0
31 contribute to 34 : 0
31 contribute to 35 : 0
32 contribute to 0 : 0
32 contribute to 1 : 0
32 contribute to 2 : 0
32 contribute to 3 : 0
32 contribute to 4 : 0
32 contribute to 5 : 0
32 contribute to 6 : 0
32 contribute to 7 : 0
32 contribute to 8 : 0
32 contribute to 9 : 0
32 contribute to 10 : 0
32 contribute to 11 : 0
32 contribute to 12 : 0
32 contribute to 13 : 0
32 contribute to 14 : 0
32 contribute to 15 : 0
32 contribute to 16 : 0
32 contribute to 17 : 0
32 contribute to 18 : 0
32 contribute to 19 : 0
32 contribute to 20 : 0
32 contribute to 21 : 0
32 contribute to 22 : 0
32 contribute to 23 : 0
32 contribute to 24 : 0
32 contribute to 25 : 0
32 contribute to 26 : 0
32 contribute to 27 : 0
32 contribute to 28 : 0
32 contribute to 29 : 0
32 contribute to 30 : 4
32 contribute to 31 : 0
32 contribute to 33 : 0
32 contribute to 34 : 0
32 contribute to 35 : 0
33 contribute to 0 : 0
33 contribute to 1 : 0
33 contribute to 2 : 0
33 contribute to 3 : 0
33 contribute to 4 : 0
33 contribute to 5 : 0
33 contribute to 6 : 0
33 contribute to 7 : 0
33 contribute to 8 : 0
33 contribute to 9 : 0
33 contribute to 10 : 0
33 contribute to 11 : 0
33 contribute to 12 : 0
33 contribute to 13 : 0
33 contribute to 14 : 0
33 contribute to 15 : 0
33 contribute to 16 : 0
33 contribute to 17 : 0
33 contribute to 18 : 0
33 contribute to 19 : 0
33 contribute to 20 : 0
33 contribute to 21 : 0
33 contribute to 22 : 0
33 contribute to 23 : 0
33 contribute to 24 : 0
33 contribute to 25 : 0
33 contribute to 26 : 0
33 contribute to 27 : 0
33 contribute to 28 : 0
33 contribute to 29 : 0
33 contribute to 30 : 4
33 contribute to 31 : 0
33 contribute to 32 : 0
33 contribute to 34 : 0
33 contribute to 35 : 0
34 contribute to 0 : 0
34 contribute to 1 : 0
34 contribute to 2 : 0
34 contribute to 3 : 0
34 contribute to 4 : 0
34 contribute to 5 : 0
34 contribute to 6 : 0
34 contribute to 7 : 0
34 contribute to 8 : 0
34 contribute to 9 : 0
34 contribute to 10 : 0
34 contribute to 11 : 0
34 contribute to 12 : 0
34 contribute to 13 : 0
34 contribute to 14 : 0
34 contribute to 15 : 0
34 contribute to 16 : 0
34 contribute to 17 : 0
34 contribute to 18 : 0
34 contribute to 19 : 0
34 contribute to 20 : 0
34 contribute to 21 : 0
34 contribute to 22 : 0
34 contribute to 23 : 0
34 contribute to 24 : 0
34 contribute to 25 : 0
34 contribute to 26 : 0
34 contribute to 27 : 0
34 contribute to 28 : 0
34 contribute to 29 : 0
34 contribute to 30 : 4
34 contribute to 31 : 0
34 contribute to 32 : 0
34 contribute to 33 : 0
34 contribute to 35 : 0
35 contribute to 0 : 0
35 contribute to 1 : 0
35 contribute to 2 : 0
35 contribute to 3 : 0
35 contribute to 4 : 0
35 contribute to 5 : 0
35 contribute to 6 : 0
35 contribute to 7 : 0
35 contribute to 8 : 0
35 contribute to 9 : 0
35 contribute to 10 : 0
35 contribute to 11 : 0
35 contribute to 12 : 0
35 contribute to 13 : 0
35 contribute to 14 : 0
35 contribute to 15 : 0
35 contribute to 16 : 0
35 contribute to 17 : 0
35 contribute to 18 : 0
35 contribute to 19 : 0
35 contribute to 20 : 0
35 contribute to 21 : 0
35 contribute to 22 : 0
35 contribute to 23 : 0
35 contribute to 24 : 0
35 contribute to 25 : 0
35 contribute to 26 : 0
35 contribute to 27 : 0
35 contribute to 28 : 0
35 contribute to 29 : 0
35 contribute to 30 : 4
35 contribute to 31 : 0
35 contribute to 32 : 0
35 contribute to 33 : 0
35 contribute to 34 : 0
