0 0.0265371
1 0.0833264
2 0.0230834
3 0.0449179
4 0
5 0.697898
6 0.0579246
7 0.0167033
8 0.00659512
9 0.0958099
10 0.530993
11 0
12 0.0217217
13 0.271859
14 0.00586154
15 0
17 0.022592
18 0.021678
19 0.0552746
21 0.0513149
22 0.0240349
23 0.149082
24 0.0456158
25 0
26 0.0218298
27 0.330657
28 0.0516333
29 0.153309
30 0.315902
31 0.0457946
32 0.108116
33 0.0174487
34 0.21506
36 0.118774
37 0.0671248
38 0.0454763
39 0.418084
40 0
41 0.180654
42 0.0774481
44 0.0274726
45 0.0635802
46 0.276138
47 0.0298116
48 0.0245426
49 0.203798
50 0.028861
51 0.0837156
52 0.149307
53 0.0443391
55 0.041444
56 0.00148159
57 0.171429
58 0.0711678
59 0.0535698
60 0.00473659
62 0
63 0.0939826
64 0.404992
65 0.0110612
66 0.0288076
68 0.180022
71 0.254337
72 0
74 0.327407
75 0.00289094
76 0.108
77 0.0328753
78 0.226463
81 0.231724
82 0.0124785
83 0.348476
84 0
85 0.0224286
86 0.00538454
87 0.129184
88 0.00852062
89 0.0099335
90 0.0951334
91 0.0221947
92 0.0439997
94 0.0238203
95 0.086901
96 0.0512854
97 0.31375
98 0.210679
99 0
102 0.067226
103 0.0610588
104 0.155609
105 0.46629
106 0.189421
110 0.00817914
114 0.0163559
115 0
117 0.0300722
118 0.0330386
119 0.0124785
120 0.195513
121 0.826601
122 0.0198597
123 0.0406679
124 0.052319
125 0.0258511
126 0.114139
127 0.0597677
129 0.00928924
130 0.0245278
131 0.0528603
133 0.200798
134 0.197593
135 0.0161383
137 0.15724
138 0.0147516
139 0.148061
141 0.047565
142 0
143 0.0352082
144 0.0376386
145 0.0830091
146 0.101174
147 0
148 0.476706
149 0.00528009
150 0.167719
151 0
152 0.0440849
154 0.0725145
156 0.238001
158 0.0133135
160 0.0596447
161 0.0409315
162 0.00228273
163 0.185426
164 0.110947
165 0.042345
166 0.0294214
169 0.0756442
170 0.0411359
171 0.506092
172 0.00143037
173 0.140991
177 0.197574
178 0.15759
179 0.169393
180 0.0412741
181 0.0135104
183 0.0823021
184 0.162397
185 0.0354877
186 0.0142161
187 0.0534721
188 0.000745447
189 0.0957325
190 0.0306528
191 0.0227112
192 0.011501
194 0.00134751
195 0.00984535
196 0.0520837
198 0.14558
199 0
200 0.106922
201 0.0149578
202 0.111123
203 0.191139
204 0.189229
205 0.494102
206 0.00770067
207 0.189556
209 0.116827
211 0.00686456
212 0.0562107
213 0.0294243
214 0.0588777
217 0.0494306
219 0.00230061
220 0.0797949
221 0.210972
222 0.0139159
223 0.045674
224 0.0106369
226 0.0963816
229 0.0174395
230 0.0813726
234 0.0240619
235 0
236 0.000996968
237 0.0268182
238 0.0248538
239 0.228958
241 0.166362
242 0.00341849
243 0.0459302
244 0.155445
245 0.102677
246 0
248 0.00303551
249 0.0113715
250 0
253 0.0473889
254 0
255 0.294102
256 0.122651
257 0.0125339
258 0.155462
259 0.0705708
260 0.0505435
261 0.0834608
262 0
264 0.00152212
266 0
267 0
268 0.199478
269 0.12426
270 0.00119227
271 0.0065561
274 0.14478
275 0
277 0.0649611
278 0.0573235
279 0.268829
280 0.3058
281 0
282 0.391273
283 0.00533528
284 0.211024
285 0.00945256
286 0.0492952
287 0.0326435
288 0.0418904
289 0.0747418
290 0.0385885
291 0.00774565
293 0.181005
294 0.399246
296 0
297 0.122564
298 0.260611
299 0.0588827
300 0.0174615
301 0.0124785
302 0.000412198
303 0.136182
304 0
306 0.138477
307 0.579538
308 0.133923
310 0.0596328
311 0.230343
313 0.00332581
314 0.110264
315 0.136322
316 0.0171628
317 0.0537574
318 0.0743001
319 0.0427568
320 0.0696414
321 0.0455388
322 0.0134041
323 0.156881
325 0.13908
326 0.135319
327 0
328 0.164495
330 0.129404
332 0.0978229
333 0.423146
335 0.0189976
336 0.109783
337 0.0337848
339 0.00276056
340 0.11249
341 0.0337211
344 0.122796
345 0.0824005
346 0.115954
347 0.566363
348 0.0514581
349 0.0118419
350 0.17556
351 0.134839
353 0.0200247
354 0.018345
355 0.00175959
357 0.0288753
358 0.14369
359 0.000997867
360 0.125457
361 0.10337
362 0.0358964
363 0.161126
364 0.0348424
365 0.00160586
366 0
367 0.206088
369 0.00162535
370 0.14499
371 0.0298023
372 0.137574
373 0
375 0.0993031
377 0.0200634
378 0.0302203
381 0.0212681
382 0.0293307
384 0.0417856
385 0.255587
386 0.159706
389 0.123018
390 0.117683
392 0.564041
393 0.0350839
394 0.0761585
395 0.127976
396 0.010634
397 0.29087
398 0.23657
399 0.2069
400 0.00952723
401 0
402 0.132748
403 0.0508913
404 0.0889362
405 0.168596
406 0.0942432
407 0.00430675
408 0.317437
409 0.0546468
410 0.0724456
411 0.0786999
412 0.0313506
413 0
414 0.507655
415 0.751343
416 0.230432
418 0.496009
419 0.0828895
420 0.127812
421 0.1237
422 0
423 0.0270945
424 0.172438
425 0.110762
426 0.0356173
427 0.00809645
428 0.374908
429 0.0684535
430 0.0174826
431 0
433 0
434 0.157128
435 0.0840047
436 0
438 0.676704
439 0.0384831
441 0.0444542
442 0.0613279
443 0.0571206
444 0.0389247
445 0.106819
447 0.176408
448 0.0835696
449 0.0428291
451 0.00277005
452 0.0111007
453 0.0188864
454 0.0598436
455 0.522315
456 0.0249179
457 0.0281094
459 0.00135925
461 0.154128
462 0.127715
463 0.018679
464 0.29033
465 0.119961
466 0.0238963
468 0.079533
469 0.0739504
470 0.0997323
473 0.00239013
474 0.00331883
475 0.230941
476 0.0421009
477 0.0124717
478 0.00753638
479 0.0194095
480 0.127943
482 0.164965
483 0.12702
484 0.2907
486 1.74281e-05
489 0
490 0.393855
491 0.00965042
492 0.0239355
493 0.0856997
495 0.00215045
496 0.0848758
497 0.162664
499 0.0384564
500 0.21774
502 0.188679
503 0.0790099
504 0
505 0.0159297
507 0.00952172
509 0.310207
510 0
511 0.0135526
512 0.074359
513 0.0607913
514 0.0556907
515 0.155384
517 0.0522646
518 0.00331314
519 0.00363705
520 0.416027
521 0.151798
522 0
523 0.110643
524 0.0888995
525 0.490268
526 0.0419963
527 0.00365502
528 0.0329434
529 0.0392562
530 0.206679
531 0.00504723
532 0.171503
533 0.00727786
534 0
535 0.0212623
537 0.168414
538 0.0288091
539 0.0293091
540 0.045566
542 0.255355
543 0.264895
544 0.184482
545 0.155751
546 0.0228591
547 0.0491694
548 0.211473
550 0
552 0.473374
553 0.0882232
554 0.00101225
555 0.00472325
556 0.0505765
557 0.0568091
558 0.0753824
559 0.00379166
561 0
562 0.0172442
563 0.0736
565 0.156336
566 0.0728014
569 0.0948348
570 0.0372647
571 0.0402181
572 0.115906
573 0.129931
574 0.00657809
575 0.0507176
576 0.00217246
578 0.0389245
579 0
580 0
581 0.00781977
582 0
583 0.0719223
584 0.16108
585 0.0494477
586 0.141176
587 0.0397941
588 0.0447019
589 0.259609
590 0.0400025
591 0.0103632
592 0.0950869
593 0.0590457
594 0.272094
595 0.0312548
596 0.22671
597 0.0299405
598 0.193568
600 0.0357222
601 0.0341853
602 0.177869
603 0.266092
604 0.0106369
605 0.167739
606 0.0357916
607 0.0789043
608 0.128797
610 0.0705008
611 0.168765
613 0.00644049
614 0.0790428
615 0.280191
617 0.404973
618 0.104073
619 0.260181
620 0.0247447
621 0.120201
623 0.0106427
624 0.24039
626 0
627 0
628 0.0948137
630 0.382488
631 0.0786289
632 0.0523797
633 0.088709
634 0.0614939
635 0
636 0.0106398
637 0.185429
638 0.0183238
639 0.0572525
640 0.0402279
641 0.0483479
642 0.0997313
645 0.152672
646 0.0015821
647 0.00411838
648 0.00645682
649 0.0462216
650 0.154936
651 0.0599732
652 0.0349856
653 0.238607
654 0.0775886
655 0.0359682
656 0.0201215
658 0.00910608
659 0.168502
660 0.291999
661 0.0902747
663 0.264975
664 0.109965
665 0
666 0.0355945
668 0
669 0.164724
670 0.0208691
671 0.197457
672 0.00194939
673 0.0499921
674 0.0662015
675 0.027376
676 0.0176696
677 0.0335157
679 0.197617
680 0.00280688
681 0.0931294
682 0.0244479
683 0.173266
684 0.0229884
685 0.146329
686 0.0270306
688 0.0193648
689 0.177638
690 0.0139173
691 0.00834629
692 0
693 0.163127
694 0.125647
695 0.00761222
696 0.188568
697 0.0753988
698 0.0162281
699 0.191089
701 0
702 0.0304707
703 0.111729
704 0
706 0.144504
708 0.255686
709 0.231688
710 0.123394
711 0.128696
712 0.1013
713 0.190162
714 0.023428
715 0.0207171
716 0.0660964
718 0.0624262
719 0.0276457
720 0.102716
721 0.0764079
722 0
723 0.0249825
724 0.435858
725 0.100475
726 0.43402
727 0.102034
729 0.253068
731 0.113916
732 0
733 0.00107994
734 0.0280446
736 0.277768
737 0.17436
738 0.111553
739 0.0361458
740 0.119806
741 0.112754
742 0.0544472
743 0.104045
744 0.305262
745 0.036737
746 0.400944
747 0.154081
748 0.0665428
749 0.00148137
750 0.123356
751 0.0450449
752 0.225411
753 0.00491783
755 0.012797
756 0.0213528
757 0.0486847
760 0.039199
761 0.285691
762 0.218137
763 0.0422879
764 0.0849467
766 0.202885
767 0.0592858
768 0.0298158
770 0.270399
771 0.14032
772 0
773 0.180789
774 0
775 0.00169032
776 0.0133233
778 0.26479
779 0.00779421
780 0.0608378
781 0.0215227
784 0.0166165
785 0.12739
786 0.00101052
787 0.195264
788 0.254789
790 0.299732
791 0.00483221
792 0.0245635
793 0.0740441
794 0.185543
795 0.260783
796 0.0102024
797 0.0691963
799 0.0754288
800 0.050365
802 0.352292
803 0
805 0.176092
806 0.0573219
807 0
809 0.395057
810 0.0871007
811 0
812 0
814 0.0156417
815 0.0079582
816 0.0806494
817 0.0166393
819 0.0197716
820 0.148157
825 0.0357006
826 0.143503
828 0.0277377
829 0.112638
830 0.197121
831 0.114571
832 0.109472
833 0.0350684
834 0.0381058
836 0.064621
837 0.00712897
838 0.0668899
839 0.0609832
840 0.670133
841 0
842 0.158952
843 0.0493177
846 0
847 0.0323152
848 0.221407
849 0.0848558
850 0.0992442
851 0.196028
852 0.00947562
853 0.0421959
854 0
855 0.520212
857 0.0167431
858 0.117234
859 0.12012
860 0.27296
861 0.120661
862 0.188588
863 0.0988661
865 0.0663012
866 0.337644
867 0.00114188
868 0.0530658
871 0.00253591
872 0
873 0.0336006
874 0
875 0.00465835
876 0.187393
877 0.00424921
878 0.222396
880 0.0643156
881 0
883 0.0412839
885 0.00988833
886 0.0606172
887 0.0366335
888 0.471298
889 0.0688323
890 0.000411923
891 0.60043
892 0.0106202
894 0.100227
895 0.0238872
896 0.0562456
897 0.382786
898 0.121947
899 0.0111303
900 0
902 0.138803
903 0.133182
904 0.378358
905 0.00230718
906 0.215495
907 0.279524
908 0.00964578
909 0.0340845
910 0.547433
911 0.0263807
912 0.313239
913 0.10049
914 0.0346471
915 0.406446
916 0.201384
917 0.12716
918 0
919 0.359066
920 0.00403563
922 0.311422
923 0.0483368
924 0.0124785
925 0.101363
927 0.239818
928 0.0163481
929 0.322306
930 0.0106369
931 0.0323073
932 0.00523142
933 0.181776
934 8.00239e-05
935 0.0365423
936 0.0013293
937 0.107096
938 0.504217
939 0.100658
940 0.0549919
941 0.010634
942 0.0527755
944 0.125115
945 0.0445109
946 0.249827
947 0.134437
952 0.0745732
953 0.0726543
954 0.183656
955 0.0789937
956 0.274131
957 0.00712187
958 0.10404
960 0
961 0.160359
963 0.0230189
966 0.0580597
967 0
968 0.0156016
971 0.222064
972 0.0910233
973 0.0614773
976 0.00372048
978 0.0449404
979 0.00617448
981 0.0433905
982 0
984 0.00287578
985 0.125385
986 0.00591189
987 0.0706134
988 0.0901747
989 0.0141267
992 0.106127
993 0.0268369
994 0.0773354
995 0.155428
996 0
997 0.0920243
998 0.217856
999 0.0254309
1000 0.186062
1001 0.231124
1002 0.0023623
1003 0.0109283
1004 0.142433
1005 0.110669
1006 0.0282352
1007 0.0531193
1008 0.00651367
1009 0.356207
1010 0.214052
1011 0.222673
1012 0
1014 0.0389115
1016 0.184933
1017 0.101986
1018 0.127716
1019 0.0170819
1021 0
1022 0.0145538
1023 0.00900458
1024 0.0650154
1025 0
1026 0.12501
1027 0.061505
1028 0.106016
1030 0.00230876
1031 0.48735
1034 0
1035 0.0807454
1037 0.00382351
1038 0.370811
1039 0
1040 0.0462058
1042 0.0051601
1043 0.128876
1045 0.018147
1046 0.182305
1047 0
1048 0.0981801
1050 0.00036303
1051 0.0555425
1052 0.355495
1053 0.0374198
1054 0.00719129
1055 0.242044
1057 0.00209185
1058 0.15492
1059 0.17286
1060 0.0372694
1061 0.0142821
1062 0.0922252
1063 0.00324209
1064 0.0548888
1065 0.17891
1066 0.29016
1067 0.903195
1068 0.136829
1069 0
1070 0
1071 0.0284684
1072 0.0620741
1073 0
1074 0.100934
1075 0.112676
1077 0.0164649
1080 0.0400985
1081 0.0417769
1082 0.14266
1083 0.0102589
1084 0.0241822
1085 0.0448875
1087 0
1088 0
1089 0.0243116
1090 0.30619
1091 0.118536
1092 0
1093 0
1095 0.0176296
1096 0.196333
1098 0.00895503
1099 0
1100 0
1101 0.0430644
1103 0.18931
1104 0.0440495
1105 0.0909235
1106 0.094248
1108 0.293452
1109 0.114779
1110 0.00423076
1111 0.0141187
1113 0.0557821
1114 0.036512
1115 0.176797
1116 0.217418
1117 0
1120 0.0134093
1121 0.205727
1122 0.0744811
1124 0.258996
1125 0.0746294
1126 0.227998
1127 0.0859871
1128 0
1130 0.0899031
1131 0.0570205
1132 0.215895
1133 0.070558
1134 0.0681253
1135 0.0254408
1136 0.0551602
1137 0.124104
1138 0.208403
1140 0.0211434
1141 0.254994
1142 0.0598255
1143 0.0147808
1144 0.0880636
1145 0.0161886
1146 0.106603
1149 0.0432829
1150 0.243986
1152 0.0200062
1153 0.0475869
1154 0.0603116
1156 0.0180481
1157 0.0933991
1158 0.0437517
1160 0.0100467
1161 0.106578
1162 0.134751
1164 0
1165 0.105845
1166 0.081892
1167 0.158892
1168 0.132227
1169 0.105845
1170 0.0971641
1171 0.158054
1172 0.0672432
1173 0.0100315
1174 0.0199212
1175 0.117063
1176 0.224157
1177 0.230786
1178 0.17729
1179 0.0317122
1180 0.187636
1182 0
1183 0.164728
1185 0.211776
1186 0.11317
1187 0.40542
1189 0.060373
1190 0.0564223
1191 0.00535625
1192 0.00238931
1194 0.0284438
1195 0.0650158
1196 0.168936
1197 0.0649509
1198 0.0660561
1199 0.00451449
1200 0.0124785
1201 0.00479728
1203 0.0569743
1204 0.0978212
1205 0.0409328
1206 0.141071
1207 0.150076
1208 0.129099
1209 0
1210 0.191161
1211 0.0579578
1212 0.0351776
1213 0.000239486
1214 0
1216 0.0358143
1217 0
1218 0.0803861
1219 0.129292
1220 0.298373
1221 0.0251242
1223 0.0659882
1225 0.0176475
1226 0.0649123
1227 0.0685432
1228 0.000976992
1229 0.0218879
1230 0.272606
1231 0.0476457
1232 0
1233 0.0714374
1234 0.399982
1235 0
1237 0.0681514
1238 0.0350079
1240 0.0199827
1241 0.182275
1242 0.279685
1244 0.00263509
1245 0.15915
1246 0.587937
1247 0.000969691
1249 0.0195551
1250 0.016157
1252 0.0312679
1253 0.149936
1255 0.0841904
1256 0.0699602
1257 0.0808134
1258 0.00494571
1262 0.000403024
1263 0.0303475
1264 0.0252542
1265 0
1266 0.0517505
1267 0.243713
1268 0
1269 0.170331
1271 0.151264
1272 0.022774
1273 0.0149187
1274 0.110583
1275 0.0511721
1276 0.1473
1277 0.0890668
1278 0
1280 0.0456424
1281 0
1283 0.0106311
1284 0.00376469
1285 0.153231
1286 0.574851
1287 0.0323669
1288 0.072871
1289 0.00171479
1290 0.0222814
1291 0.00520965
1292 0.167884
1293 0
1294 0
1295 0.0464536
1296 0
1297 0.00421138
1298 0.0485351
1299 0.135419
1300 0.0634638
1302 0.167666
1303 0.00199755
1305 0.0300387
1308 0.336234
1309 0.00237998
1310 0.0276635
1312 0.253761
1313 0.00250787
1317 0.0607947
1318 0.0426084
1319 0
1321 0.378139
1322 0.0942827
1323 0.105667
1325 0
1326 0.236675
1328 0.172838
1329 0.0641639
1330 0.170912
1331 0
1333 0.00367132
1334 0.107216
1335 0.0445972
1336 0.200607
1337 0.229108
1338 0.100815
1339 0.0125947
1341 0
1343 0.000295514
1344 0
1345 0.122682
1346 0.0971851
1348 0.110901
1349 0.194004
1350 0.121945
1351 0.010634
1352 0.0333062
1353 0.0771068
1354 0.0581573
1356 0
1357 0.115374
1358 0.0020869
1359 0.0620613
1360 0.104806
1361 0.0427283
1362 0.67002
1364 0.14313
1365 0.0688976
1366 0.00614746
1367 0.0147386
1368 0.124158
1369 0.100368
1370 0.326223
1371 0.132698
1372 0.0282
1373 0.0451587
1374 0.128566
1375 0.497841
1377 0
1378 0.282674
1379 0.234952
1380 0.0131474
1381 0
1382 0.146085
1383 0.0138312
1384 0.267479
1386 0
1387 0.147296
1388 0.312968
1389 0.0528937
1390 0.00911701
1391 0.0977663
1393 0.0190919
1394 0
1395 0.275488
1396 0.161002
1397 0.220526
1398 0.00699903
1399 0.0362377
1400 0.00504598
1401 0.0348241
1402 0.0465896
1404 0.00441246
1406 0.187385
1407 0.0257542
1408 0.0454198
1409 0
1410 0.0407432
1413 0.132506
1414 0.0107013
1415 0.158867
1417 0.164645
1418 0.0052343
1419 0.010634
1420 0.0731051
1422 0.0117257
1423 0.402802
1424 0
1425 0.0613807
1426 0.0354056
1427 0.081448
1428 0
1430 0.0919944
1431 0.164524
1432 0.169557
1434 0.0127623
1435 0.0860099
1436 0.0729296
1437 0.263914
1438 0.236076
1439 0.0160586
1440 0.0840548
1441 0.00125526
1443 0.19805
1444 0.102453
1445 0
1446 0.0332851
1447 0.0987292
1449 0.0394798
1450 0.132828
1452 0.00256156
1456 0.000619479
1459 0.0114863
1460 0.00708744
1461 0.0379645
1462 0.166925
1463 0.0333493
1465 0.015821
1466 0.169628
1467 0.218446
1468 0.00365226
1470 0.249017
1471 0
1472 0
1475 0.326139
1476 0.106248
1477 0
1478 0.0430545
1479 0.0386983
1480 0.0930413
1481 0.175146
1482 0.0316533
1483 0.081615
1484 0.00494499
1485 0.480572
1486 0.226029
1488 0.864229
1489 0.0570379
1490 0
1491 0
1492 0.0571281
1493 0.00435825
1494 0.00592098
1497 0.0674612
1498 0.0405697
1500 0.00942414
1501 0.238825
1502 0.0875289
1503 0.00809153
1504 0.106909
1505 0.00789543
1506 0.0410474
1507 0.0531301
1508 0
1509 0.0315512
1511 0.074429
1512 0.00337654
1513 0.110616
1514 0.0522322
1515 0
1516 0
1517 0
1518 0.0365722
1519 0.00547928
1522 0.175193
1523 0.0624641
1526 0.00262026
1527 0.105496
1528 0.0468402
1529 0.0632278
1530 0.0747813
1531 0.0232348
1532 0.242673
1533 0.136672
1534 0.0136411
1535 0.205818
1537 0.00743334
1538 0.26879
1539 0.00580715
1540 0
1541 0.0810945
1543 0
1544 0
1545 0.0840851
1546 0.236972
1547 0.157924
1549 0
1550 0.0219999
1552 0.0113963
1553 0.20361
1554 0.120532
1555 0
1556 0.010634
1560 1.16187e-05
1562 0.0463319
1563 0.0203118
1564 0.0376145
1566 0.000363413
1567 0.11108
1568 0.0697565
1570 0.589596
1571 0.369084
1572 0.0145244
1574 0.00742742
1575 0.133223
1576 0.438589
1577 0.241458
1578 0.276599
1579 0.0063058
1580 0.182949
1581 0.0365378
1582 0.0398496
1583 0.0577494
1584 0.487028
1585 0.243796
1586 0.120431
1587 0
1589 0.0277579
1590 0.0582292
1591 0.0708955
1592 0.0771221
1594 0.00698599
1596 0.0907811
1597 0
1598 0.167548
1599 0.00227482
1601 0.143743
1602 0.126033
1603 0.133059
1605 0.201535
1606 0.100674
1607 0.00713318
1609 0.306768
1610 0
1611 0
1612 0.0347391
1614 0.10195
1616 0.117308
1617 0.020739
1618 0.0212681
1619 5.21874e-05
1620 0.00556546
1622 0.0281375
1623 0.197353
1624 0.00249406
1626 0.0344078
1627 0.00119866
1628 0.0651346
1632 0.188071
1633 0.264435
1634 0
1635 0.0114964
1636 0
1637 0.00317135
1638 0.0551073
1639 0.00690072
1640 0.00578432
1643 0.00381491
1644 0.0899152
1645 0.184128
1646 0.0544128
1648 0.195849
1649 0.0238872
1650 0.0968937
1651 0.0667629
1653 0
1654 0.0547163
1656 0.0396197
1657 0.113804
1658 0.158328
1660 0.138832
1661 0.128624
1662 0
1663 0.301702
1666 0.00823443
1667 0.0095921
1668 0.010634
1669 0.179101
1670 0
1671 0.00642882
1672 0.00230793
1673 0.0124728
1674 0.062488
1675 0.019922
1676 0.279608
1677 0
1678 9.74036e-05
1679 0.0602579
1680 0.0210515
1681 0.146182
1682 0.00241461
1683 0.0129353
1684 0.00126558
1685 0.22394
1687 0.031127
1688 0.00988568
1689 0.196687
1690 0
1691 0.0162087
1692 0.0773987
1693 0.0269646
1694 0.0772345
1695 0.123495
1696 0.157914
1697 0.201566
1699 0.0947769
1700 0.177767
1701 0.0575876
1702 0.0510135
1703 0
1704 0.0081624
1706 0.371174
1707 0
1708 0.0489339
1709 0.0186105
1710 0.0502818
1711 0.217017
1712 0.0455615
1713 0.00289227
1714 0.210524
1715 0.540184
1716 0.173733
1717 0.067012
1718 0.0404043
1719 0.0786678
1720 0.0124487
1723 0.255835
1724 0.0881084
1725 0.0684835
1726 0
1727 0.00987178
1729 0.204278
1730 0.0322405
1731 0.0983237
1732 0.054208
1733 0.0884309
1734 0.0213767
1735 0.225306
1736 0.0744657
1737 0.00912134
1739 0
1741 0.270096
1742 0.240405
1743 0.435231
1744 0.0602267
1745 0.0727809
1747 0
1749 0.0278725
1750 0.0826495
1751 0.0106311
1752 0.017149
1753 0
1754 0.0584534
1755 0.0132473
1756 0.0191367
1757 0.0981667
1758 0.065075
1759 0.00528367
1760 0.0658327
1761 0.0123507
1762 0
1763 0.10582
1765 0
1766 0.00376845
1768 0.0124785
1770 0.267084
1771 0.127621
1773 0.141164
1774 0.00472742
1775 0.0154771
1777 0.058621
1778 0.406648
1779 0.0428807
1780 0.153687
1781 0.066555
1782 0.126458
1783 0.0254822
1784 0.00383364
1785 0.199446
1787 0.0509914
1788 0.291104
1789 0.0212476
1790 0.031192
1791 0.0527885
1792 0
1793 0.172439
1794 0.192656
1795 0.272276
1796 0.149621
1797 0.204059
1798 0.156509
1799 0.0405433
1800 0.230855
1801 0.0388691
1802 0.0873487
1806 0.00102037
1807 0.347072
1808 0
1809 0.0624905
1810 0.190465
1811 0.196635
1812 0.0350324
1814 0.15329
1815 0.0493709
1816 0.1954
1817 0.0570805
1819 0.0311504
1820 0.0244185
1821 0.0873376
1822 0.123112
1823 0.00327006
1824 0.0893858
1826 0.00382723
1827 0.23946
1828 0.0247566
1829 0.0845079
1830 0.0647761
1831 0.0448874
1832 0.198245
1834 0.0362232
1835 0
1837 0.00508381
1838 0.0101877
1840 0.198616
1841 0.130644
1842 0.10138
1843 0.00828862
1844 0.0616132
1845 0.000428419
1846 0.0408477
1847 0.0345349
1848 0.0866912
1849 0.116808
1851 0.011495
1852 0.0730617
1853 0.0189944
1854 0.364787
1855 0.00792838
1856 0.0257
1857 0.11262
1858 0.732216
1859 0.00325428
1861 0.295708
1862 0.296206
1863 0.17578
1864 0.122359
1865 0.0217516
1866 0
1867 0.0503403
1868 0
1869 0.142244
1870 0.0786737
1872 0.0114881
1873 0.003344
1874 0.086487
1875 0
1876 0.0447685
1878 0.0103848
1880 0.122108
1881 0.114998
1882 0.173768
1884 0.120643
1885 0.0711796
1886 0.00665073
1887 0.116985
1890 0.17407
1891 0.164276
1892 0.0147204
1893 0.010634
1894 0.061803
1895 0
1896 0.0127762
1897 0.0119539
1898 0.00550789
1900 0.0117419
1901 0.00033935
1902 0.0850191
1903 0.107778
1904 0.189536
1905 0.141548
1906 0.254366
1907 0.0232054
1908 0.241966
1910 0.0921109
1911 0.403047
1912 0.0442126
1913 0
1914 0.189968
1915 0
1916 0.0577219
1917 0.220129
1919 0.000412831
1920 0.113222
1921 0.147255
1922 0.130848
1923 0
1924 0
1925 0.0584671
1927 0.00387911
1928 0.0152081
1929 0
1930 0.320474
1931 0.00139288
1932 0.0289174
1933 0.107667
1934 0.0802549
1935 0.0202878
1936 0.381307
1938 0.0423978
1939 0.0075175
1940 0.290367
1941 0.108706
1942 0.10354
1943 0.0681141
1944 0.0372545
1945 0.0747453
1946 0.0150818
1947 0.166699
1948 0.00204898
1950 0
1951 0.0058593
1952 0
1957 0.165861
1958 0.134662
1959 0
1961 0
1962 0
1965 0.0595771
1966 0.0787918
1967 0.00717246
1969 0.0492183
1970 0.212342
1971 0.0127189
1972 0.138429
1973 0.0215922
1974 0.000902156
1975 0
1976 0.046785
1978 0.0525994
1979 0.233188
1980 0.00290702
1981 0.00308984
1982 0.113061
1983 0.0745666
1984 0.127878
1986 0.032322
1987 0.0164847
1988 0.27354
1989 0
1990 0.0345456
1992 0.018376
1993 0.155578
1994 0.0963748
1995 0.1375
1996 0.0526912
1998 0.0086718
1999 0
2000 0.0454139
2001 0.0432374
2004 0.076188
2005 0
2006 0.141337
2007 0.00955854
2009 0.051633
2010 0.0265085
2011 0.00572221
2012 0.0745467
2013 0.0356846
2014 0.0127293
2015 0.331473
2016 0.00108167
2017 0.0204387
2018 0.114826
2019 0.0593279
2021 0.246718
2022 0.165736
2023 0.521718
2024 0
2025 0.144779
2026 0.00281475
2027 0.123053
2029 0.0260072
2030 0.0282699
2033 0.0180867
2035 0.0106311
2038 0.130056
2039 0.37311
2040 0.0124901
2041 0.0272117
2042 0.328273
2043 0
2044 0
2045 0.167359
2047 0
2048 0.111291
2049 0.103205
2051 0.362587
2052 0.00814368
2053 0.100853
2055 0.0728352
2056 0.0364108
2057 0
2058 0.135996
2059 0.00900394
2060 0.110975
2061 0.131442
2062 0.137952
2064 0.263368
2065 0.0282511
2066 0.165567
2067 0.00786701
2069 0.198541
2070 0.527515
2071 0.106291
2072 0.0223881
2073 0.143209
2074 0.307609
2075 0.272016
2076 0.0608704
2077 0.0210123
2078 0.140653
2079 0.00351724
2081 0.122849
2082 0.838716
2083 0.000406399
2084 0.0243028
2085 0.0995579
2086 0.125673
2087 0.0467264
2088 0.0822565
2089 0.202306
2091 0.0378949
2092 0.119146
2093 0.136595
2094 0.00854799
2095 0.0242818
2096 0.0124785
2097 0.0149522
2098 0.0943505
2099 0.065898
2100 0.195746
2102 0.0730135
2104 0.126718
2105 0.0520516
2106 0
2108 0
2109 0.392245
2110 0.0124756
2111 0.316608
2113 0
2115 0.050398
2116 0.162775
2117 0.188613
2119 0.158345
2123 0
2124 0.0496002
2125 0.13098
2126 0.071937
2127 0.0770732
2128 0
2129 0.0702306
2130 0.0645528
2131 0.0127075
2133 0.0407743
2135 0
2137 0.0239559
2138 0.129434
2139 0.0121591
2140 0.0813649
2141 0.0638194
2144 0.328631
2145 0.0473489
2146 0.388007
2147 0.0434122
2148 0.13354
2149 0.0115781
2150 0.00474903
2151 0.192167
2152 0.0019684
2154 0.00277947
2155 0.0769898
2156 0.0454386
2157 0.119197
2158 0.0465725
2159 0.0801853
2160 0.0687375
2161 0.151299
2162 0.168203
2163 0
2164 0.0366232
2165 0.137436
2166 0.00627872
2167 0.0637151
2168 0.286325
2170 0.00663053
2171 0
2172 0.158003
2174 0.0750475
2175 0.041671
2176 0.0128254
2178 0.0957108
2179 0.0960803
2180 0
2181 0.585928
2182 0.203882
2187 0.127621
2189 0
2191 0.176041
2192 0
2193 0.514889
2194 0.0530168
2195 0.110165
2196 0.0998384
2197 0.200556
2198 0.0812335
2199 0.0364411
2200 0.243279
2201 0.0523593
2202 0.159601
2205 0
2206 0.119349
2207 0.10229
2208 0.0364764
2209 0.520113
2210 0.00085907
2211 0
2212 0.177541
2213 0.105816
2215 0.110174
2216 0
2217 0.0772861
2218 0.295168
2219 0.00417937
2220 0.286549
2221 0.0689729
2222 0.0303847
2223 0.0924814
2225 0.090091
2229 0.0262386
2230 0.00626884
2231 0.243636
2233 0.00543736
2234 0.0757949
2235 0.0637524
2236 0.13003
2237 0.231895
2238 0.26342
2239 0.0294752
2240 0.000911446
2241 0
2243 0.0191541
2245 0.0317926
2246 0.113067
2247 0.0603045
2248 0.241552
2249 0.113456
2252 0.244463
2254 0.0690877
2255 0.0954465
2256 0
2257 0.0121035
2258 0.469326
2260 0.0660715
2261 0.0981202
2262 0.0214234
2264 0.0632636
2265 0.151099
2266 0.106236
2267 0.129585
2268 0
2269 0.00054267
2270 0.0156106
2271 0.0930203
2272 0.0759194
2273 0
2274 0.199894
2276 0
2277 0.00282297
2279 0.307423
2280 0.0188019
2281 0.01053
2283 0
2284 0.0716297
2286 0.103872
2287 0.0815091
2288 0
2289 0
2290 0.111716
2291 0.0540348
2292 0
2293 0.0851356
2294 0.0208815
2295 0
2296 0.00565799
2297 0.55218
2298 0.0640475
2299 0
2300 0.099095
2302 0.31544
2304 0.0660804
2305 0.260112
2306 0.0946383
2307 0.00981339
2308 0.0045743
2309 0.0514141
2312 0.0253925
2314 0.0595602
2315 0.128447
2316 0
2317 0.0589826
2318 0.268933
2319 0.129264
2320 0.128619
2321 0.129465
2322 0.150387
2323 0.0773308
2324 0
2325 0.0522443
2326 0.0722471
2327 0.0345625
2328 0.00319346
2330 0.00218194
2331 0.242193
2333 0.0672574
2334 0.17697
2335 0.159914
2336 0.0551876
2337 0
2338 0.0703
2340 0
2341 0.0250192
2342 0.0337107
2344 0.0149747
2345 0.362571
2347 0.0873746
2348 0.117949
2349 0.0698648
2350 0.054629
2351 0.00490691
2352 0.0181835
2353 0.891777
2354 0.103073
2355 0.0204259
2356 0.0135451
2357 0.00459851
2358 0.00365168
2360 0.137048
2361 0.364341
2362 0.00125224
2363 0.0538297
2364 0.201241
2366 0.203591
2367 0.0106427
2368 0.0716949
2369 0
2371 0.0307926
2372 0.215109
2373 0.0795155
2374 0.000204344
2375 0.15512
2376 0
2378 0.0769733
2379 0.0824524
2380 0.0782987
2381 0.142365
2382 0.0783148
2383 0.0417665
2384 0.115008
2386 0.50606
2387 0.469715
2388 0
2389 0.0365957
2390 0.0233284
2391 0.0576058
2392 0.00426571
2395 0.0913615
2396 0.762699
2397 0
2398 0.0967582
2399 0.00126886
2400 0.0702487
2401 0.0129904
2402 0.292829
2403 0.0528359
2404 0.0297858
2405 0
2406 0
2408 0.0267281
2410 0.0111813
2415 0.00794063
2416 0
2417 0.0649433
2418 0.0703627
2419 0.0592534
2420 0.00717277
2421 0.00881705
2422 0.0480568
2423 0.789405
2424 0.246946
2425 0.14718
2426 0.0183367
2427 0.0124785
2428 0.193144
2430 0
2431 0.204352
2432 0.180823
2433 0.00149043
2434 0.159023
2436 0.00612057
2437 0.113028
2438 0.234422
2439 0.31845
2440 0.00415207
2441 0.0766215
2443 0.0347321
2445 0.151648
2446 0.135593
2447 0.0154918
2448 0.162772
2449 0.0218052
2450 0.155537
2451 0
2452 0.115834
2453 0.704835
2455 0.00533301
2458 0.400566
2459 0.0817226
2461 0.092305
2462 0.150735
2463 0.000580806
2464 0.0118117
2466 0.0706475
2467 0.0310343
2468 0.0943867
2469 0
2470 0.0239593
2471 0.00883024
2472 0.503917
2473 0.260818
2474 0.012127
2475 0.234584
2477 0.144439
2478 0.0550748
2479 0.103847
2480 0
2481 0.11107
2482 0.0202822
2483 0.0214064
2484 0.0896195
2485 0.0212592
2486 0.283666
2487 0.00634369
2488 0.0226567
2491 0.121175
2492 0.196867
2493 0.506069
2496 0.127888
2497 0.0534747
2499 0.115952
2500 0.0208109
2501 0.0517346
2502 0.0106369
2503 0.428818
2504 0
2505 0.082339
2506 0.0645293
2509 0.0101118
2510 0.366394
2511 0.0174861
2513 0.151329
2514 0.061509
2515 0
2516 0.0155285
2517 0.171887
2519 0.116635
2521 0.0170952
2522 0.0702216
2523 0
2524 0.0727195
2525 9.63385e-05
2526 0.0298355
2527 0
2528 0.00982219
2529 0.0238752
2530 0.144203
2531 0.162681
2532 0.0306532
2533 0.0922791
2534 0.0508952
2536 0.115641
2539 0.19322
2544 0.130207
2547 0.0250315
2548 0.00193007
2549 0.000601344
2551 0.0333784
2552 0.0915882
2553 0.0765774
2555 0.284759
2556 0.0664571
2557 0.118485
2558 0.027165
2559 0
2560 0.0630404
2562 0.104876
2563 0.0221015
2564 0.149778
2565 0.10913
2566 0.010634
2568 0.00352506
2569 0.222428
2570 0.0940156
2571 0.16974
2572 0.0758431
2573 0.0922885
2574 0.274832
2575 0.262831
2576 0
2577 0.144501
2578 0.0175515
2579 0.0323613
2580 0.00133336
2582 0.164451
2583 0.0772112
2584 0.0379903
2585 0.0388958
2586 0.0725121
2587 0.068158
2588 0.0782485
2589 0.330642
2591 0.203706
2592 0.0024636
2593 0.0388912
2594 0.140294
2595 0.0112938
2596 0
2597 0
2598 0.190399
2601 0.0630905
2602 0.103971
2603 0.156254
2604 0.147195
2605 0.636289
2606 0.0487593
2607 0.0104289
2608 0.125962
2609 0.00115513
2610 0.117824
2611 0.00459767
2612 0.0329743
2613 0
2614 0.0111375
2615 0.0787248
2616 0.0222936
2617 0.0264646
2618 0.22077
2619 0.472919
2621 0.0649157
2622 0.00481955
2623 0.0213592
2624 0.174576
2625 0.0573293
2626 0.0976307
2628 0.0349081
2629 0.177037
2630 0.529722
2631 0.139629
2632 0.0200943
2633 0.0345422
2635 0.0912992
2636 0.0232014
2637 0
2638 0.0318032
2639 0.201678
2640 0.0260947
2641 0.398845
2642 0.0432527
2643 0.166644
2644 0.00256358
2645 0.00507413
2646 0.0123873
2647 0.738908
2648 0.0316502
2649 0.220832
2650 0.0659813
2651 0.112014
2652 0.315011
2653 0.044287
2654 0.00222891
2655 0.023896
2657 0.0325012
2658 0.0340038
2660 0.0335364
2661 0.274443
2662 0.161218
2663 0.0387122
2664 0.359799
2665 0.00285178
2666 0
2667 0.248282
2668 0.0326951
2669 0.0185942
2670 0.041038
2671 0.0236063
2672 0.0515007
2673 0.00690971
2674 0.333243
2675 0.0775981
2678 0
2679 0.031998
2681 0.0122611
2682 0.00637807
2683 0.0462418
2685 0.15995
2686 0.296212
2688 0.00665426
2689 0.670404
2690 0.166613
2692 0.277686
2693 0.112725
2695 0.189244
2696 0.00993966
2697 0.199513
2698 0.0143581
2699 0.116044
2702 0.0776065
2704 0.126899
2705 0.259199
2706 0.236796
2709 0.0516335
2710 0
2712 0.0472156
2713 0.0268205
2714 0.114758
2715 0.387282
2716 0.0837635
2717 0.0590136
2718 0.0124785
2719 0.0105872
2721 0.0889846
2722 0.232891
2723 0
2724 0.0199164
2725 0.000483242
2726 0.00999586
2727 0
2728 0.0353318
2729 0.0190005
2730 0.0305884
2731 0.0487099
2732 0.0297338
2733 0.0139442
2734 0.0654935
2735 0.233817
2738 0.0519468
2739 0.0638436
2740 0.159182
2741 0.084447
2742 0.119078
2743 0.000257597
2744 0
2745 0.0179743
2748 0.0035373
2749 0.110528
2750 0.00292165
2751 0.0930312
2752 0
2753 0.0087131
2754 0.0284417
2755 0.162883
2756 0.0102187
2757 0.00564097
2759 0.0912706
2761 0.0177158
2762 0.00294708
2763 0.0626683
2764 0.33231
2765 0.242617
2766 0.206173
2767 0.229301
2769 0.161358
2770 0.0362094
2771 0.0995392
2772 0.0575555
2773 0.00600593
2774 0.0994737
2775 0.000286692
2777 0.196618
2778 0.0651946
2779 0.0158839
2782 0.114423
2783 0.287373
2785 0.141416
2786 0.0903052
2787 0.34435
2788 0.0336458
2789 0.0752439
2790 0.0228222
2791 0.163087
2792 0.0202976
2794 0.114978
2795 0.0102722
2797 0.0926256
2798 0.134816
2799 0.138712
2800 0.00218012
2802 0.0172588
2803 0
2804 0.075842
2805 0.0150918
2806 0.0503561
2807 0.0364258
2808 0
2810 0.178149
2812 0.345922
2814 0.086408
2815 0.0684628
2816 0
2817 0
2818 0.054455
2820 0.009573
2821 0.000444063
2822 0.0766807
2823 0.00375115
2825 0.450456
2827 0.0755542
2828 0.0137164
2829 0.139334
2830 0.171314
2831 0.196005
2833 0
2835 0.0199461
2837 0.116856
2839 0.141527
2841 0.105767
2843 0
2844 0.0900193
2845 0.0299216
2846 0.148689
2847 0.0225905
2848 0.105195
2849 0.0953301
2854 0.0744091
2857 0.0622926
2858 0.0268094
2859 0.0590584
2860 0.031578
2861 0.12099
2863 0.122815
2864 0
2866 0.11265
2867 0.000566412
2869 0
2870 0.034706
2871 0.20234
2872 0
2874 0.0825467
2875 0.0956631
2876 0.0549687
2877 0.0358571
2878 0
2879 0.0554971
2880 0
2881 0.0981666
2882 0.296986
2883 0.22466
2884 0.0163895
2885 0.152317
2886 0.0489997
2887 0
2888 0.0515531
2889 0.0689217
2890 1.16187e-05
2891 0.0619367
2892 0.0324599
2894 0.185611
2895 0.0285202
2896 0.373269
2898 0.724496
2899 0.114602
2900 0
2902 0.0520799
2903 0.0123196
2905 0.0190489
2906 0.0291361
2907 8.71404e-06
2908 0.0284641
2909 0
2910 0.112175
2911 0
2912 0.00639813
2913 0
2914 0
2915 0.0689836
2916 0.0608225
2917 0.12479
2918 0.283495
2919 0.174328
2920 0.044397
2921 0.0198027
2922 0.0284294
2923 0.195823
2924 0.0239261
2925 0.0959965
2926 0.0416093
2929 0.186174
2932 0.293892
2933 0.0157957
2934 0.0692259
2935 0
2936 0.304164
2938 0.191794
2939 0.0540734
2943 0.0346622
2944 0.101134
2945 0.0685312
2946 0.0885531
2947 0.239385
2948 0.0633703
2949 0.118986
2950 0.0283583
2952 0.138554
2953 0.0232371
2954 0.0437354
2955 0.163033
2956 0.319577
2957 0
2958 0.0364719
2959 0.056387
2960 0
2961 0.140577
2962 0.0375329
2963 0.170867
2964 0.037331
2965 0.0259886
2966 0.121729
2967 0.192441
2968 0.0428368
2969 0.167192
2970 0
2971 0.0663523
2972 0.0140776
2973 0.230903
2974 0.0354188
2975 0.0152911
2976 0.0618921
2977 0.00141584
2978 0.126045
2979 0.00199006
2980 0.0174184
2981 8.71404e-06
2982 0.000726385
2983 0.0278892
2984 0.00259514
2985 0.196924
2987 0
2988 0.0488931
2989 0.0198041
2990 0.109109
2991 0.112783
2992 0.026789
2996 0.179325
2997 0.0724506
2998 0.0224646
2999 0.0791139
3000 0
3001 0.151443
3003 0
3004 0.02465
3005 0.280441
3006 0.17476
3007 0.0531272
3008 0.0118134
3009 0.0402301
3010 0.0172129
3011 0.0682547
3013 0.168585
3014 0.0758865
3016 0.210392
3017 0.107383
3018 0.0302895
3019 0.103059
3020 0.116231
3021 0.0511631
3022 0.240122
3023 0.144339
3024 0.178282
3025 0
3026 0.0958732
3027 0.0512418
3028 0.0917433
3030 0.0810012
3031 0.46841
3032 0.0747009
3033 0.310034
3035 0.255584
3036 0.00178117
3037 0.251475
3038 0.18733
3039 0.0299252
3041 0
3044 0.113522
3046 0.0216216
3047 0.0331127
3049 0.107996
3050 0.0440334
3051 0.0166413
3052 0.412065
3054 0.275889
3057 0.224755
3058 0
3059 0
3060 0.261977
3061 0.0458337
3062 0.0212681
3063 0.0119421
3064 0.0862577
3065 0.00370041
3066 0.0365689
3067 0.0224962
3068 0.00156681
3069 0.122491
3070 0.0387253
3072 0.246193
3075 0.876908
3076 0.424765
3078 0
3079 0.0472583
3080 0.670125
3081 0.0445934
3082 0.0386354
3083 0.230373
3084 0.0276553
3086 0.0906261
3087 0
3088 0.0954638
3090 0.00509795
3091 0
3092 0.102575
3093 0
3094 0.0136541
3095 0.0862
3097 0.0649757
3098 0.021745
3099 0.0549564
3101 0.0565571
3102 0.168552
3103 0
3104 0.331867
3105 0.0543716
3106 0.0235356
3107 0.0769783
3108 0.0545548
3109 0.0895638
3110 0
3111 0.00282673
3113 0.340915
3116 0.317307
3117 0.0240909
3118 0.661947
3120 0.122204
3121 0.127635
3122 0.0867987
3123 0.164666
3125 0.0428919
3126 0.20307
3128 0.0979085
3129 0.0613968
3130 0.036507
3131 0
3132 0.00476512
3133 0.133251
3134 0.0675229
3135 0.191532
3136 0.0368183
3137 0.0475011
3138 0.0319012
3139 0.119727
3141 0.0778583
3142 0.240712
3143 0.0404728
3145 0.156835
3146 0.205979
3147 0.072439
3148 0.098146
3150 0.00317667
3152 0.119821
3154 0.00473894
3155 0.0337084
3156 0.0384684
3157 0
3158 0.00430842
3159 0.011043
3160 0.0216251
3161 0
3162 0.0401006
3163 0.423849
3164 0.148891
3165 0.38555
3166 0.108977
3167 0.279376
3168 0.00192833
3169 0.0041562
3170 0.106536
3172 0.00513213
3173 0.0720728
3174 0.00255494
3175 0.0129509
3176 0.00142735
3177 0.0642437
3178 0.109881
3179 0.044329
3181 0.196021
3183 0.163397
3184 0.141019
3185 0.111372
3186 0.121912
3187 0.0773735
3188 0.0448673
3189 0.101873
3191 0.213828
3192 0.300949
3195 0.203095
3196 0.0870331
3197 0.0635855
3199 0.00130865
3200 0.285345
3202 0.387784
3203 0.171702
3204 0.0902414
3205 0.116307
3206 0.0136655
3207 0.202151
3208 0.0230097
3209 0.0324212
3211 0
3212 0.0641959
3213 0.165265
3214 0.27853
3215 0.00408259
3216 0.122612
3217 0.0833774
3218 0.0114986
3219 0
3220 0.0795957
3221 0.0587039
3222 0
3223 0.0058178
3224 0.598165
3226 0.173228
3228 0.0353684
3229 0.00292311
3230 0.00555286
3231 0.364787
3233 0.014085
3234 0.0179663
3235 0.0999932
3236 0.00784957
3237 0.0230902
3238 0.112537
3239 0.0690962
3240 0
3241 0.0904602
3242 0.128077
3243 0.0426593
3244 0.350191
3245 0.0144619
3246 0.0576671
3247 0.318726
3248 0.300591
3249 0.0021155
3251 0.184749
3252 0
3253 0.0136686
3254 0
3255 0.0191298
3257 0.0414375
3258 0
3259 0.0365443
3260 0.206173
3261 0.00484605
3262 0.479837
3263 0.0518588
3264 0.283539
3266 0.00876632
3267 0.0368329
3269 0.180798
3270 0.152696
3272 0.0874395
3273 0.137721
3274 0.100341
3275 0.0649705
3277 0.597496
3279 0.137897
3280 0.003462
3281 0.0980356
3282 0.0494426
3283 0.154559
3284 0
3285 0.170976
3286 0.0739868
3289 0.13437
3290 0.00792036
3292 0.0316226
3294 0.0582288
3295 0.118502
3298 0.255529
3299 0.0653756
3300 0.119885
3302 0.227918
3303 0.145182
3304 0.0931299
3305 0.136143
3306 0.0509037
3307 0.0232342
3308 0.12365
3309 0
3311 0.0348845
3312 0.267195
3313 0.319141
3314 0.0590432
3315 0.01883
3317 0.0320653
3318 0.143393
3319 0.00172656
3320 0
3322 0.0136855
3323 0.323004
3324 0.0160203
3325 0.0130294
3326 0.105246
3328 0.173453
3329 0.13032
3330 0.00287493
3332 0.0997959
3333 0.189545
3334 0.182507
3335 0.0487748
3336 0.105646
3337 0.00604515
3338 0.0737453
3339 0.181982
3340 0.104799
3341 0
3342 0.121671
3343 0.0443944
3344 0.343524
3346 0.00463182
3348 0.0130876
3350 0.161213
3351 0.0374071
3353 0.06521
3354 0.0396732
3355 0.0997153
3356 0.474847
3357 0.102752
3358 0.000991022
3359 0.196446
3360 0.572977
3361 0.109236
3362 0.145137
3363 0.0892079
3364 0
3365 0.23996
3366 0.115015
3368 0.0195635
3369 0
3370 0.103179
3372 0.00789758
3373 0.110874
3374 0.0864804
3375 0.0330224
3376 0.0359752
3377 0.0316733
3378 0.274943
3379 0.120956
3380 0
3381 0.0339068
3383 0.0859695
3384 0.140236
3385 0.154541
3388 0
3391 1.88804e-05
3392 0.0457509
3393 0.309106
3394 0.00276801
3395 0
3396 0.025572
3397 0.151537
3398 0.476956
3399 0.232847
3400 0
3401 0.145651
3402 0.0896096
3403 0.064437
3404 0.186239
3405 0.116439
3406 0.155778
3407 0.167665
3409 0.130262
3412 0.188452
3413 0.00512672
3414 0.078093
3415 0.00631014
3416 0
3417 0.157286
3418 0.0750223
3419 0.00367203
3420 0.0692259
3421 0.00249289
3422 0.202613
3423 0.00253894
3424 0.0235496
3425 0.00804345
3426 0.245017
3427 0.221106
3428 0
3429 0
3430 0.1302
3431 0.196948
3432 0.111907
3434 0
3435 0.209444
3436 0.223147
3437 0.0304695
3439 0.376155
3440 0.0559775
3441 0.055737
3442 0.0247919
3443 0.097995
3444 0.0562002
3445 0
3446 0.0357404
3447 0.0125978
3450 0.0431687
3452 0.0147954
3453 0.00313319
3454 0.0845485
3455 0.0859244
3456 0.0783112
3457 0.0441277
3458 0.0985672
3459 0.127404
3460 0.205314
3461 0.037949
3462 0
3463 0.0222275
3464 0.0572238
3465 0.0940947
3466 0.116693
3468 0.358338
3469 0.146542
3470 0.0148183
3471 0.0645055
3472 0.0574799
3474 0.124514
3475 0.314115
3476 0.00499996
3478 0.20686
3479 0.234816
3480 0.346234
3481 0.24054
3482 0.0945495
3483 0.134963
3484 0.213999
3485 0.114876
3486 0.632905
3487 0.236033
3488 0.03975
3489 0.0227159
3490 0.0602539
3491 0.406408
3492 0
3493 0.358027
3494 0.0575815
3495 0.156219
3496 0.0579419
3497 0.003635
3498 0.116663
3500 0.0174294
3502 0.151445
3504 0.0134449
3505 0.00155176
3506 0.0428287
3507 0.0890485
3508 8.71404e-06
3510 0.134471
3512 0.0394965
3513 0.00447871
3514 0.363087
3515 0.0136508
3516 0.0708972
3517 0.0739756
3518 0
3520 0.0530145
3521 0.0446013
3522 0.0707986
3523 0.0395351
3524 0.170871
3525 0.0626065
3526 0.0902493
3527 0.161486
3528 0.230738
3529 0.0513961
3530 0.18492
3531 0
3532 0.0401359
3533 0
3536 0.345866
3537 0.382712
3538 0.114049
3539 0.218401
3540 0
3541 0.0610829
3542 0
3543 0
3544 0.0281872
3545 0.168919
3547 0.316947
3548 0.222076
3549 0.175408
3550 0
3552 0.2255
3553 0.00776682
3554 0.0145011
3555 0
3556 0.132513
3557 0.0106369
3558 0.00251224
3559 0.0655213
3560 0.152737
3562 0.00957307
3563 0.0292915
3566 0.00679727
3568 0.00545012
3569 0.022719
3570 0.031486
3571 0.0197555
3575 0.122343
3576 0.0533976
3577 0.0645103
3578 0.0333132
3579 0.0625085
3581 0.160252
3582 0.0652897
3583 0.0801082
3584 0.151153
3585 0.902837
3586 0
3587 0
3588 0.0575936
3589 0.130019
3590 0.0360486
3593 0
3594 0.225604
3595 0.376741
3596 0.658079
3597 0.000973133
3599 0
3600 0.0288624
3601 0.0234461
3602 0.216093
3603 0.00123791
3604 0.0567921
3606 0.324668
3607 8.64937e-05
3608 0.418737
3609 5.80936e-06
3612 0.11517
3613 0.227151
3614 0.0705841
3616 0.0502393
3617 0.110029
3619 0.041711
3620 0
3621 0
3622 0.0366605
3623 0
3624 0
3626 0.0741071
3627 0
3628 0.00771342
3629 0.305826
3630 0.198872
3631 0.443151
3632 0
3633 0.346563
3634 0.00234407
3635 0.0256862
3636 0.0810963
3637 0.030628
3638 0.135795
3639 0.180617
3641 0
3642 0.0124756
3643 0.043412
3644 0.0123504
3645 0.394773
3646 0.0722641
3647 0.174919
3648 0.00901967
3649 1
3650 0.00232286
3651 0.0983874
3652 0.217288
3653 0.170679
3654 0.0476858
3656 0.117261
3657 0.00480225
3658 0.0798345
3659 0.10792
3660 0
3661 0.0261978
3662 0.167011
3663 0.0504878
3664 0.262276
3665 0.0239049
3666 0.113615
3667 0.399889
3668 0.0628905
3669 0.132135
3670 0.0261262
3671 0.221225
3672 0.255656
3674 0.0266581
3675 0.141754
3676 0.093922
3677 0
3678 0.01286
3679 0.162249
3681 0
3683 0.0766132
3684 0.0423633
3686 0.236417
3687 0.061284
3688 0.0316072
3689 0.187801
3690 0.0102977
3691 0.116271
3692 0.290612
3694 0.138976
3696 0.106666
3697 0.0183558
3698 0.291413
3700 0.00346265
3701 0.07787
3702 0
3703 0.155931
3704 0.489536
3705 0.00813332
3706 0.219513
3707 0.0504744
3708 0
3710 0.00572597
3711 0.0138589
3712 0.190355
3714 0
3715 0.0255315
3716 0.18559
3717 0.0366215
3720 0.0397427
3721 0.126503
3722 0.0505996
3723 0.0295307
3724 0.0247138
3725 0.00186395
3726 0.000665991
3727 0.00311823
3730 0.035545
3731 0.172304
3732 0.0518543
3733 0.0156972
3734 0.0665126
3735 0.0204175
3736 0.0700282
3737 0
3739 0.0400089
3740 0.0719909
3741 0.0108609
3742 0.0165462
3744 0.0521998
3745 0.0546025
3746 0.136662
3747 0.0611303
3748 0.0418824
3749 0.282706
3751 0.147784
3752 0.0359359
3754 0.0802651
3755 0
3756 0.130248
3757 0.00206207
3758 0
3759 0.0203561
3760 0.0850661
3761 0.0106311
3762 0.0176489
3763 0
3765 0
3766 0.00682294
3768 0.0268288
3769 0.000931026
3771 0.0191849
3773 0
3774 0.0940474
3775 0.0830288
3777 0.153547
3778 0.0326705
3779 0
3780 0.0779999
3781 0.137796
3783 0
3784 0.120426
3785 0.0116624
3786 0.0740504
3788 0.0248146
3790 0.039038
3792 0.0127482
3793 0.00701403
3794 0.0464846
3795 0
3796 0.0467477
3798 0.215124
3799 0.124049
3800 0.0783315
3801 0
3802 0.144783
3803 0.617674
3804 0.337911
3806 0.189139
3808 0.0371575
3809 0
3811 0.00174198
3812 0.0414151
3813 0.023633
3814 0.266976
3815 0.102623
3816 0.00678337
3817 0.154337
3819 0.137833
3820 0.0537048
3822 0
3823 0.025161
3824 0.00580069
3825 0.23373
3826 0
3828 0.0569485
3829 0.063086
3830 0.0129069
3831 0.0284165
3832 0.057682
3833 0.114189
3834 0.00257044
3835 0.103485
3836 0.00109168
3837 0.00384929
3838 0.0991612
3839 0
3840 0.0542306
3841 0
3842 0.0483766
3843 0.0426792
3844 0
3845 0.0458094
3846 0.0177792
3848 0.0879673
3849 0.0428817
3850 0.0711632
3851 0.118273
3853 0.149833
3855 0.0339708
3856 0.182204
3857 0.364935
3858 0.166619
3859 0.00176827
3860 0.0808309
3861 0.0403421
3862 0.210579
3863 0.11307
3864 0.0415291
3865 0.0279302
3866 0.00610999
3867 0.0267618
3869 0.0537926
3870 0.0175406
3871 0.329207
3872 0.0493043
3873 0
3874 0.162841
3875 0.11594
3877 0.0861228
3878 0.0744749
3880 0.111125
3882 0.142796
3883 0.180519
3884 0.0124843
3885 0.00129101
3886 0.132237
3887 0.0377688
3888 0
3890 0.0166781
3891 0.225915
3892 0
3893 0
3894 0.0180725
3895 0.0265138
3896 0.128867
3897 0.0817311
3898 0
3900 0.275077
3902 0.104802
3903 0.16437
3904 0.0252376
3905 0.0369213
3906 0
3907 0.109386
3908 0.0130359
3909 0.0653329
3911 0.00648166
3912 0.195293
3913 0.0311788
3914 0.176696
3915 0.133613
3916 0.0877385
3917 0.0630956
3918 0.119601
3920 0.116673
3922 0.0784442
3923 0.00383205
3924 0.00843257
3926 0
3927 0.0557614
3928 0.215303
3929 0.114876
3930 0.0451146
3931 0.155423
3932 0.116363
3935 0.157889
3936 0.0829556
3937 0.361852
3940 0
3942 0.218311
3943 0.0657669
3944 0.0437269
3945 0.253071
3947 0.00289105
3949 0.111663
3950 0.0328962
3951 0.00731906
3952 0.125165
3953 0.261718
3954 0.223403
3955 0.0863787
3956 0.0282273
3957 0
3958 0.028659
3959 0.123153
3960 0.0269779
3961 0.0170585
3962 0.0157144
3963 0.160183
3965 0.0817939
3966 0.0405567
3967 0.273087
3968 0.480648
3969 0.173529
3970 0.072455
3971 0.0833043
3972 0.36139
3974 0.23626
3975 0.0471093
3976 0
3977 0.0534072
3978 0.0840619
3979 0.13416
3980 0.0348188
3981 0.0327396
3982 0.174232
3983 0.0430735
3985 0.0120804
3988 0.0490017
3989 0.104646
3990 0.350863
3991 0.0192447
3992 0.0781431
3993 0.0712104
3995 0.0110936
3996 0.00853157
3997 0.00359319
3998 0.216705
3999 0.0305698
4000 0.0880488
4001 0.0378796
4002 0.0376727
4003 0.000799679
4005 0
4006 0.00916497
4008 0.178188
4009 0.12726
4010 0.02962
4012 0.163344
4013 0.511314
4014 0.0873207
4016 0.00324028
4017 0.0475549
4018 0.0653988
4020 0.139804
4021 0
4023 0.197195
4024 0.0265125
4026 0.288441
4027 0.160109
4028 0.280699
4029 0.00418951
4030 0.0498562
4031 0.145451
4032 0.102805
4033 0.0663047
4034 0.00621031
4035 0.0145634
4036 0.0648269
4037 0.0955425
4038 0.110871
4039 0.110009
4040 0.0306527
4042 0.056655
4044 0.62755
4046 0.18679
4048 0.0824366
4049 0.0252326
4050 0.0430727
4051 0.0181087
4052 0.095215
4053 0.113082
4054 0.0666988
4055 0.0396219
4056 0.0644035
4057 0.044899
4058 0.040459
4059 0.0346261
4060 0
4061 0.0357941
4062 0.119824
4064 0.3289
4066 0.0849675
4067 0.109268
4068 0.0105282
4069 0.00632439
4072 0.108592
4073 0.400825
4076 0.120583
4077 0.376645
4078 0.0191567
4080 0.0184838
4081 0.0337621
4083 0
4084 2.90468e-06
4085 0.0484881
4086 0.0578325
4087 0.286415
4088 0.14554
4090 0.0141861
4091 0.0587464
4092 0.323906
4093 0.211993
4094 0.15306
4097 0.0231136
4099 0.157248
4101 0.100702
4102 0.610383
4103 1.45234e-05
4104 0.0202503
4105 0.0850007
4106 0.0822408
4107 0.540264
4108 0.117633
4110 0.0180251
4111 0.0390817
4112 0
4113 0.0814845
4114 0.0124698
4115 0.121143
4116 0.115722
4117 0.158576
4118 0.0429131
4119 0
4120 0.0727546
4121 0.00662727
4122 0.0357942
4123 0.00434386
4124 0.152883
4125 0.126172
4126 0.0383867
4127 0.446382
4128 0.00566503
4129 0.241256
4130 0.440538
4131 0.882622
4133 0
4134 0.0167845
4135 0
4136 0.122105
4137 0.0950492
4138 0.429782
4139 0.0162286
4141 0.0538412
4142 0.00784623
4145 0
4146 0.130842
4147 0.00696271
4148 0.0739735
4149 0.57217
4150 0.113163
4151 0.0342014
4152 0.567607
4153 0.0696081
4154 0.0585728
4155 0.0343769
4156 0.0746254
4157 0
4158 0.00537948
4159 0.0376797
4161 0.248196
4162 0.374853
4163 0.0224344
4164 0.683602
4165 0.0544477
4166 0.237252
4167 0.346447
4168 0.0159347
4169 0.0290095
4170 0.157125
4171 0.262478
4172 0.189042
4174 0.0487909
4176 0.0289205
4177 0.095036
4178 0.00454164
4179 0.226919
4180 0
4181 0
4182 0.0723003
4183 0.0868251
4184 0
4186 0.00828924
4187 0.423773
4188 0.124397
4189 0
4190 0.0444528
4191 0.0834586
4192 0.0737811
4193 0.130353
4194 0.0898365
4195 0.057884
4196 0.0424322
4197 0.258668
4198 0.103367
4199 0.213852
4200 0.00551963
4201 0.0114846
4202 0.0605516
4203 0.212444
4206 0.015398
4207 0.0349571
4208 0.207656
4209 0.0724102
4210 0.144109
4211 0.0562572
4212 0.00264075
4213 0.00564641
4214 0.0287542
4215 0
4216 0.353643
4218 0.153338
4219 0.0350584
4220 0.015595
4221 0.149124
4222 0.489131
4224 0.559025
4225 0.0566743
4230 0.0432014
4231 0.0839665
4232 0.138764
4233 0.189687
4234 0.204655
4235 0.0414421
4236 0.0418935
4237 0.0203882
4238 0.0792914
4239 0
4240 0.0654002
4241 0.0467486
4242 0.00600802
4243 0.00829425
4244 0.0822367
4245 0.0193616
4246 0.398138
4247 0.0399925
4248 0.103274
4249 0.0642771
4250 0.0714184
4251 0.165003
4252 0.130907
4253 0.106872
4254 0.00273655
4255 0.0675012
4256 0.0248284
4258 0
4259 0.073058
4260 0.185155
4261 0.0235607
4262 0.00878932
4263 0.00376401
4264 0.058976
4265 0
4266 0.00778954
4267 0.0921377
4268 0.0718349
4269 0
4270 0
4271 0.160814
4273 0.0149314
4274 0.167072
4275 0.237207
4276 0.356029
4278 0.0245371
4279 0.257805
4281 0.0691412
4282 0.0821757
4283 0.181052
4284 0
4285 0.0176962
4286 0.072034
4289 0.50742
4290 0.146068
4291 0.0778783
4292 0.0477615
4293 0.0125837
4294 0.459952
4296 0.252581
4297 0.00297404
4298 0
4299 0.0589336
4300 0.144733
4301 0.12295
4302 0.0970972
4303 0
4305 0.135351
4306 0.0276428
4307 0.347311
4308 0.0583155
4309 0.0315951
4310 0.0120998
4313 0.225508
4315 3.48561e-05
4316 0.454252
4317 0.00271989
4319 0.0878375
4320 0.109835
4321 0.0887592
4323 0.0271593
4324 0.108382
4325 0
4329 0.0287373
4330 0.0538379
4331 0.247193
4332 0.0577816
4333 0.213153
4334 0.123244
4335 0.189347
4336 0.0197697
4337 0.0417563
4338 0.0189007
4339 0.036704
4342 0.0590155
4343 0.0581027
4344 0.0483396
4346 0.1308
4347 0.063533
4348 0.135437
4349 0.180825
4350 0.049959
4351 0.0717278
4352 0.0126096
4353 0.112613
4354 0
4356 0.0118938
4357 0.0910382
4358 0.153132
4359 0.022476
4360 0.21296
4361 0.072492
4362 0.115366
4363 0.0774411
4364 0.0582448
4365 0.0309981
4366 0.00210182
4368 0.296704
4369 0.00328408
4370 0
4371 0.010634
4372 0.00450306
4375 0.0176209
4377 0.0033531
4379 0.123944
4380 0.392298
4381 0.0297067
4382 0.107528
4383 0.00613012
4384 0.266168
4385 0.150753
4387 0.0746083
4390 0.00979383
4391 0.231598
4392 0.0660809
4393 0.0743665
4394 0.00143097
4397 0.308916
4398 0
4399 0.115614
4400 0.0450076
4401 0.00500642
4402 0
4403 0
4404 0.142716
4405 0.127365
4406 0.276194
4407 0
4408 0.00614071
4411 0.0829948
4412 0.0193614
4413 0
4414 0.0372115
4416 0
4417 0.316479
4418 0.150198
4420 0.0844168
4421 0.0256774
4422 0.111844
4424 0.0410581
4426 0.00357771
4428 0.0350673
4429 0.00435385
4431 0
4433 0.0692121
4435 0.288819
4436 0.112766
4437 0.373685
4439 0.0460726
4440 0.174606
4441 0.0432735
4442 0.0283452
4444 0.43627
4445 0.0211405
4446 0.101569
4447 0.106541
4448 0.00537005
4449 0.15695
4450 0.052344
4451 0.111985
4452 0.172751
4453 0.0532627
4454 0.0871424
4455 0.328818
4456 0.0852419
4457 0.298378
4459 0.12602
4460 0.403371
4461 0.101042
4462 0.0326413
4464 0.102953
4465 0
4466 0.502762
4467 0.0206246
4468 0.12613
4469 0.0176415
4470 0.00744518
4471 0.410757
4473 0.252716
4474 0.00469456
4475 0.103295
4476 0.0479842
4477 0.00595607
4478 0.00198022
4480 0.100215
4481 0.0863571
4482 0.1629
4483 0.243784
4484 0.112058
4485 0
4486 0.041284
4487 0.00344965
4488 0.0230713
4489 0.163412
4492 0.122218
4493 0.847317
4494 0.0940264
4495 0.0188058
4496 0.0389619
4497 0.0983898
4498 0.0578322
4500 0.044436
4501 0.136785
4502 0.142388
4504 0.00429858
4505 0.0264332
4507 0.0550206
4508 0.464143
4509 0.0552197
4510 0
4511 8.71404e-06
4512 0.28143
4513 0.056528
4514 0
4515 0.138031
4516 0.0258046
4517 0.0263787
4518 0.0503237
4519 0.0446462
4520 0.0123122
4522 0.183042
4523 0.11934
4524 0.198547
4525 0.053931
4527 0.240693
4528 0.242748
4529 0.0112202
4530 0.0822244
4531 0.0574712
4532 0.118009
4534 0.227613
4535 0.0946604
4536 0.0617586
4537 0
4538 0.0842623
4539 0.0325004
4540 0
4541 0.0015026
4542 0.2502
4543 0.0382915
4544 0.00583083
4545 0.109772
4546 0.773508
4547 0.139874
4548 0.0396139
4549 0
4550 0.155786
4551 0.014702
4552 0.150429
4553 0.00304222
4554 0.172765
4555 0.0425459
4556 0.219073
4557 0.143388
4558 0.211316
4559 0.0807702
4560 0.0497595
4561 0.061575
4562 0.0701594
4564 0.0597338
4565 0.00714534
4567 0.0709567
4568 0.00291917
4569 0.0887181
4570 0.0444058
4571 0.0457286
4572 0.0952053
4573 0.0700375
4574 0
4575 0.0256087
4576 0.00172862
4577 0.169932
4578 0
4580 0.0106398
4581 0.0465035
4582 0.0912611
4583 0.180274
4584 0.174051
4585 0.0633245
4586 0.0456693
4587 0.00627139
4588 0.149156
4589 0.00371273
4591 0.178454
4592 0.567338
4593 0.0484328
4594 0.155746
4595 0.00293739
4596 0.0932881
4597 0.0124785
4598 0.0183926
4599 0.0332266
4600 0.0168448
4601 0.257063
4602 0.0502211
4603 0.0544239
4605 0
4606 0.0905535
4607 0.0314254
4608 0
4609 0.0390141
4610 0.353979
4611 0
4612 0.0129129
4613 0.0100244
4615 0.172734
4616 0.0485865
4617 0.0212652
4618 0.0978449
4619 0.0783961
4621 0.126038
4622 0
4624 0.12267
4625 0.00146412
4626 0.0626865
4627 0.00550918
4631 0
4632 0.0644177
4634 0.0474401
4639 0.00646678
4640 0.0417764
4641 0.0257746
4643 0
4645 0.255174
4646 0.048158
4647 2.90468e-06
4648 0.0469175
4649 0.101069
4651 0.0528855
4653 0.0170759
4654 0.0510283
4655 0.0339496
4656 0.182787
4657 0.0707098
4658 0.0488173
4659 0.0315783
4660 0.12472
4663 0.00263043
4664 0.00423463
4665 0.0307975
4667 0.00894582
4668 0.163094
4669 0.117399
4670 0.457804
4671 0
4672 0.177286
4673 0.00381748
4674 0
4676 0.152138
4677 0
4678 0.00336453
4679 0.139941
4680 0.112673
4681 0.0680797
4683 0.152148
4684 0
4685 0.216049
4686 0
4687 0.12184
4688 0.119372
4690 0.0267624
4691 0.00301463
4692 0
4693 0.0921192
4694 0.130241
4695 0.0206435
4696 0.145834
4697 0.207516
4698 0.0073485
4699 0.0138585
4700 0.0495459
4701 0.121373
4702 0.1437
4704 0.0131298
4705 0.00743708
4708 0.107448
4709 0.0260964
4712 0.0870581
4713 0.00828526
4714 0.193681
4715 0
4716 0.244882
4717 0.0302863
4718 0.0124785
4719 0.15888
4720 0.0363793
4721 0.144877
4723 0.0465745
4724 0.0266851
4725 0.0654049
4726 0.530352
4727 0.263874
4729 0.516758
4730 0.117939
4732 0.00244661
4733 0.00650893
4734 0.00534994
4736 0.055366
4737 0.00722117
4740 0.0649184
4741 0.401933
4742 0.125788
4743 0
4744 0.00607299
4745 0.116358
4748 0.242638
4749 0.223228
4750 0.0566764
4751 0.143906
4752 0.203605
4753 0.0712013
4754 0.0984835
4755 0.10997
4756 0.148989
4757 0
4759 0.07274
4761 0.143731
4762 0.173844
4763 0
4764 0.464489
4765 0
4766 5.80936e-06
4767 0.0106398
4768 0.139881
4769 0.231787
4770 0.225417
4771 0.00872004
4772 0.0123539
4773 0.177893
4774 0.0292969
4775 0.0740085
4776 0.0361074
4778 0.00756163
4779 0.00287653
4783 0.215683
4784 0.12429
4785 0.130119
4786 0.0991637
4788 0.0560125
4789 0.306918
4790 0
4791 0.201719
4792 0.23109
4793 0.248497
4794 0.0364503
4796 0.284934
4797 0
4800 0.0175786
4801 0.383223
4802 0.0228938
4804 0.192918
4805 0.0171207
4806 0.093676
4807 0.000901661
4808 0.218287
4809 0
4810 0.0608554
4812 0
4813 0.203367
4814 0.0305189
4815 0.152929
4816 0.0534268
4817 0.00394067
4819 0.0354114
4820 0.12267
4821 0.0106369
4823 0.102793
4824 0
4825 0.372468
4826 0
4827 0.0246624
4828 0.160308
4829 0.336579
4831 0.010634
4832 0.464039
4833 0.03305
4834 0.0149595
4836 0.143933
4837 0.00436049
4838 0.161903
4839 0.0364036
4841 0.0623787
4842 0.149362
4843 0.15913
4844 0.0134699
4845 0.144057
4846 0.00596667
4847 0
4848 0.440222
4850 0.00951321
4851 0.115401
4852 0.111221
4853 0.289892
4854 0.0327831
4855 0.0432109
4856 0
4857 0.051692
4858 0.083412
4859 0
4861 0.00350018
4862 0.00311689
4864 0
4865 0.0262946
4866 0.00307972
4867 0.0817606
4868 0.0601596
4869 0.376557
4871 0.383492
4872 0.0070447
4873 0.144538
4876 0
4879 0.131928
4880 0.0620977
4881 0.255894
4884 0.0435754
4886 0.0584248
4889 0.120446
4891 0.0265007
4892 0.022794
4893 0.250925
4894 0.2106
4895 0.0760666
4896 0.0949585
4897 0.00437063
4898 0.192926
4900 0.00148618
4901 0.0230972
4902 0.135439
4903 0.0660888
4904 0.207145
4905 0.0496995
4906 0
4907 0
4908 0.190164
4909 0.0403128
4910 0.159793
4911 0.414891
4912 0.0787233
4913 0.0790157
4914 0.00771263
4915 0.0836418
4916 0.267671
4918 0.0289815
4919 0.0486434
4920 0.236201
4921 0.0179867
4922 0.0227271
4923 0.0959906
4924 0.00576706
4925 0.000804339
4926 0.0181975
4927 0.0214834
4928 0.0476789
4929 0.015554
4930 0.000372585
4931 0.0311414
4933 0.319486
4935 0.00663812
4936 0.0601298
4937 0.0195296
4938 0
4939 0.126651
4940 0.0256141
4941 0.0010978
4942 0.262278
4943 0.105026
4944 0.0292164
4945 0.245125
4946 0
4947 0.00381956
4949 0.0260074
4952 0.128649
4953 0.00168231
4954 0.000448458
4955 0
4956 0.0191728
4957 0.0246889
4958 0.139929
4959 0.0471523
4961 0.032353
4962 0.00227869
4964 1.74281e-05
4965 0.111678
4966 0.277607
4967 0.178162
4968 0.00373739
4969 0.072291
4970 0.0078269
4971 0.00825405
4972 0.0255943
4973 0.00640419
4974 0.43165
4975 0.174442
4976 0
4977 0.071263
4978 0.116484
4980 0.0124068
4981 0.00264944
4982 0
4983 0.0461096
4984 0.0459586
4985 0.0204909
4986 0.0253869
4987 0.194431
4988 0.110547
4989 0.0334966
4991 0.0124785
4992 0.0105471
4993 0.377566
4994 0.18684
4995 0.312799
4996 0.125899
4998 0.0515442
4999 0.109755
